{"meta": {"format": 3, "version": "7.15.4", "timestamp": "2026-08-21T17:20:46.267035", "branch_coverage": true, "show_contexts": false}, "files": {"tools\\src\\iris_mlflow_utils\\__init__.py": {"executed_lines": [3, 7, 9, 17, 25, 37, 46, 47, 52, 58, 65, 74], "summary": {"covered_lines": 12, "num_statements": 12, "percent_covered": 100.0, "percent_covered_display": "100", "missing_lines": 0, "excluded_lines": 0, "percent_statements_covered": 100.0, "percent_statements_covered_display": "100", "num_branches": 0, "num_partial_branches": 0, "covered_branches": 0, "missing_branches": 0, "percent_branches_covered": 100.0, "percent_branches_covered_display": "100"}, "missing_lines": [], "excluded_lines": [], "executed_branches": [], "missing_branches": [], "functions": {"": {"executed_lines": [3, 7, 9, 17, 25, 37, 46, 47, 52, 58, 65, 74], "summary": {"covered_lines": 12, "num_statements": 12, "percent_covered": 100.0, "percent_covered_display": "100", "missing_lines": 0, "excluded_lines": 0, "percent_statements_covered": 100.0, "percent_statements_covered_display": "100", "num_branches": 0, "num_partial_branches": 0, "covered_branches": 0, "missing_branches": 0, "percent_branches_covered": 100.0, "percent_branches_covered_display": "100"}, "missing_lines": [], "excluded_lines": [], "start_line": 1, "executed_branches": [], "missing_branches": []}}, "classes": {"": {"executed_lines": [3, 7, 9, 17, 25, 37, 46, 47, 52, 58, 65, 74], "summary": {"covered_lines": 12, "num_statements": 12, "percent_covered": 100.0, "percent_covered_display": "100", "missing_lines": 0, "excluded_lines": 0, "percent_statements_covered": 100.0, "percent_statements_covered_display": "100", "num_branches": 0, "num_partial_branches": 0, "covered_branches": 0, "missing_branches": 0, "percent_branches_covered": 100.0, "percent_branches_covered_display": "100"}, "missing_lines": [], "excluded_lines": [], "start_line": 1, "executed_branches": [], "missing_branches": []}}}, "tools\\src\\iris_mlflow_utils\\config.py": {"executed_lines": [3, 5, 6, 7, 8, 9, 10, 11, 13, 15, 16, 19, 22, 25, 28, 29, 30, 31, 32, 33, 34, 35, 36, 37, 38, 39, 40, 41, 46, 49, 50, 53, 54, 63, 70, 71, 72, 73, 74, 75, 76, 77, 78, 79, 80, 81, 84, 85, 88, 89, 90, 91, 92, 93, 94, 95, 96, 97, 98, 99, 100, 101, 102, 103, 104, 105, 106, 107, 108, 109, 110, 111, 112, 113, 114, 115, 116, 118, 119, 120, 121, 122, 123, 124, 131, 132, 133, 134, 137, 138, 139, 140, 141, 142, 143, 144, 145, 146, 147, 148, 151, 152, 155, 156, 157, 158, 159, 160, 161, 162, 163, 164, 165, 166, 168, 169, 174, 175, 179, 180, 181, 182, 183, 184, 185, 187, 189, 193, 196, 197, 198, 199, 200, 202, 203, 205, 246, 247, 250, 259, 260, 261, 262, 263, 264, 265, 266, 267, 268, 269, 271, 272, 274, 275, 377, 380, 383, 386, 387, 390, 393, 394, 395, 396, 397, 398, 399, 402, 405, 406], "summary": {"covered_lines": 170, "num_statements": 175, "percent_covered": 96.13733905579399, "percent_covered_display": "96", "missing_lines": 5, "excluded_lines": 0, "percent_statements_covered": 97.14285714285714, "percent_statements_covered_display": "97", "num_branches": 58, "num_partial_branches": 4, "covered_branches": 54, "missing_branches": 4, "percent_branches_covered": 93.10344827586206, "percent_branches_covered_display": "93"}, "missing_lines": [186, 188, 190, 407, 408], "excluded_lines": [], "executed_branches": [[29, 30], [29, 31], [32, 33], [32, 34], [37, 38], [37, 41], [39, 37], [39, 40], [71, 72], [71, 73], [73, 74], [73, 75], [76, 77], [76, 78], [119, 120], [119, 121], [121, 122], [121, 123], [123, 124], [123, 133], [124, 131], [124, 137], [131, 124], [131, 132], [133, 134], [133, 137], [137, 138], [137, 139], [139, 140], [139, 141], [141, 142], [141, 143], [143, 144], [143, 145], [145, 146], [145, 147], [147, -118], [147, 148], [174, 175], [174, 179], [179, 180], [179, 181], [181, 182], [181, 183], [183, 184], [183, 185], [185, 187], [187, 189], [189, -168], [265, 266], [265, 267], [393, 394], [393, 395], [397, 398]], "missing_branches": [[185, 186], [187, 188], [189, 190], [397, 399]], "functions": {"is_databricks": {"executed_lines": [22], "summary": {"covered_lines": 1, "num_statements": 1, "percent_covered": 100.0, "percent_covered_display": "100", "missing_lines": 0, "excluded_lines": 0, "percent_statements_covered": 100.0, "percent_statements_covered_display": "100", "num_branches": 0, "num_partial_branches": 0, "covered_branches": 0, "missing_branches": 0, "percent_branches_covered": 100.0, "percent_branches_covered_display": "100"}, "missing_lines": [], "excluded_lines": [], "start_line": 19, "executed_branches": [], "missing_branches": []}, "_find_config_path": {"executed_lines": [28, 29, 30, 31, 32, 33, 34, 35, 36, 37, 38, 39, 40, 41], "summary": {"covered_lines": 14, "num_statements": 14, "percent_covered": 100.0, "percent_covered_display": "100", "missing_lines": 0, "excluded_lines": 0, "percent_statements_covered": 100.0, "percent_statements_covered_display": "100", "num_branches": 8, "num_partial_branches": 0, "covered_branches": 8, "missing_branches": 0, "percent_branches_covered": 100.0, "percent_branches_covered_display": "100"}, "missing_lines": [], "excluded_lines": [], "start_line": 25, "executed_branches": [[29, 30], [29, 31], [32, 33], [32, 34], [37, 38], [37, 41], [39, 37], [39, 40]], "missing_branches": []}, "load_file_config": {"executed_lines": [49, 50], "summary": {"covered_lines": 2, "num_statements": 2, "percent_covered": 100.0, "percent_covered_display": "100", "missing_lines": 0, "excluded_lines": 0, "percent_statements_covered": 100.0, "percent_statements_covered_display": "100", "num_branches": 0, "num_partial_branches": 0, "covered_branches": 0, "missing_branches": 0, "percent_branches_covered": 100.0, "percent_branches_covered_display": "100"}, "missing_lines": [], "excluded_lines": [], "start_line": 46, "executed_branches": [], "missing_branches": []}, "_widget_overrides_enabled": {"executed_lines": [54], "summary": {"covered_lines": 1, "num_statements": 1, "percent_covered": 100.0, "percent_covered_display": "100", "missing_lines": 0, "excluded_lines": 0, "percent_statements_covered": 100.0, "percent_statements_covered_display": "100", "num_branches": 0, "num_partial_branches": 0, "covered_branches": 0, "missing_branches": 0, "percent_branches_covered": 100.0, "percent_branches_covered_display": "100"}, "missing_lines": [], "excluded_lines": [], "start_line": 53, "executed_branches": [], "missing_branches": []}, "get_setting": {"executed_lines": [70, 71, 72, 73, 74, 75, 76, 77, 78, 79, 80, 81], "summary": {"covered_lines": 12, "num_statements": 12, "percent_covered": 100.0, "percent_covered_display": "100", "missing_lines": 0, "excluded_lines": 0, "percent_statements_covered": 100.0, "percent_statements_covered_display": "100", "num_branches": 6, "num_partial_branches": 0, "covered_branches": 6, "missing_branches": 0, "percent_branches_covered": 100.0, "percent_branches_covered_display": "100"}, "missing_lines": [], "excluded_lines": [], "start_line": 63, "executed_branches": [[71, 72], [71, 73], [73, 74], [73, 75], [76, 77], [76, 78]], "missing_branches": []}, "TrainingConfig.__post_init__": {"executed_lines": [119, 120, 121, 122, 123, 124, 131, 132, 133, 134, 137, 138, 139, 140, 141, 142, 143, 144, 145, 146, 147, 148], "summary": {"covered_lines": 22, "num_statements": 22, "percent_covered": 100.0, "percent_covered_display": "100", "missing_lines": 0, "excluded_lines": 0, "percent_statements_covered": 100.0, "percent_statements_covered_display": "100", "num_branches": 24, "num_partial_branches": 0, "covered_branches": 24, "missing_branches": 0, "percent_branches_covered": 100.0, "percent_branches_covered_display": "100"}, "missing_lines": [], "excluded_lines": [], "start_line": 118, "executed_branches": [[119, 120], [119, 121], [121, 122], [121, 123], [123, 124], [123, 133], [124, 131], [124, 137], [131, 124], [131, 132], [133, 134], [133, 137], [137, 138], [137, 139], [139, 140], [139, 141], [141, 142], [141, 143], [143, 144], [143, 145], [145, 146], [145, 147], [147, -118], [147, 148]], "missing_branches": []}, "DeploymentConfig.__post_init__": {"executed_lines": [169, 174, 175, 179, 180, 181, 182, 183, 184, 185, 187, 189], "summary": {"covered_lines": 12, "num_statements": 15, "percent_covered": 79.3103448275862, "percent_covered_display": "79", "missing_lines": 3, "excluded_lines": 0, "percent_statements_covered": 80.0, "percent_statements_covered_display": "80", "num_branches": 14, "num_partial_branches": 3, "covered_branches": 11, "missing_branches": 3, "percent_branches_covered": 78.57142857142857, "percent_branches_covered_display": "79"}, "missing_lines": [186, 188, 190], "excluded_lines": [], "start_line": 168, "executed_branches": [[174, 175], [174, 179], [179, 180], [179, 181], [181, 182], [181, 183], [183, 184], [183, 185], [185, 187], [187, 189], [189, -168]], "missing_branches": [[185, 186], [187, 188], [189, 190]]}, "build_deployment_config": {"executed_lines": [196, 197, 198, 199, 200, 202, 205], "summary": {"covered_lines": 7, "num_statements": 7, "percent_covered": 100.0, "percent_covered_display": "100", "missing_lines": 0, "excluded_lines": 0, "percent_statements_covered": 100.0, "percent_statements_covered_display": "100", "num_branches": 0, "num_partial_branches": 0, "covered_branches": 0, "missing_branches": 0, "percent_branches_covered": 100.0, "percent_branches_covered_display": "100"}, "missing_lines": [], "excluded_lines": [], "start_line": 193, "executed_branches": [], "missing_branches": []}, "build_deployment_config.setting": {"executed_lines": [203], "summary": {"covered_lines": 1, "num_statements": 1, "percent_covered": 100.0, "percent_covered_display": "100", "missing_lines": 0, "excluded_lines": 0, "percent_statements_covered": 100.0, "percent_statements_covered_display": "100", "num_branches": 0, "num_partial_branches": 0, "covered_branches": 0, "missing_branches": 0, "percent_branches_covered": 100.0, "percent_branches_covered_display": "100"}, "missing_lines": [], "excluded_lines": [], "start_line": 202, "executed_branches": [], "missing_branches": []}, "_file_value": {"executed_lines": [247], "summary": {"covered_lines": 1, "num_statements": 1, "percent_covered": 100.0, "percent_covered_display": "100", "missing_lines": 0, "excluded_lines": 0, "percent_statements_covered": 100.0, "percent_statements_covered_display": "100", "num_branches": 0, "num_partial_branches": 0, "covered_branches": 0, "missing_branches": 0, "percent_branches_covered": 100.0, "percent_branches_covered_display": "100"}, "missing_lines": [], "excluded_lines": [], "start_line": 246, "executed_branches": [], "missing_branches": []}, "build_config": {"executed_lines": [259, 260, 261, 262, 263, 264, 265, 266, 267, 268, 269, 271, 274, 275], "summary": {"covered_lines": 14, "num_statements": 14, "percent_covered": 100.0, "percent_covered_display": "100", "missing_lines": 0, "excluded_lines": 0, "percent_statements_covered": 100.0, "percent_statements_covered_display": "100", "num_branches": 2, "num_partial_branches": 0, "covered_branches": 2, "missing_branches": 0, "percent_branches_covered": 100.0, "percent_branches_covered_display": "100"}, "missing_lines": [], "excluded_lines": [], "start_line": 250, "executed_branches": [[265, 266], [265, 267]], "missing_branches": []}, "build_config.setting": {"executed_lines": [272], "summary": {"covered_lines": 1, "num_statements": 1, "percent_covered": 100.0, "percent_covered_display": "100", "missing_lines": 0, "excluded_lines": 0, "percent_statements_covered": 100.0, "percent_statements_covered_display": "100", "num_branches": 0, "num_partial_branches": 0, "covered_branches": 0, "missing_branches": 0, "percent_branches_covered": 100.0, "percent_branches_covered_display": "100"}, "missing_lines": [], "excluded_lines": [], "start_line": 271, "executed_branches": [], "missing_branches": []}, "build_runtime_config": {"executed_lines": [380], "summary": {"covered_lines": 1, "num_statements": 1, "percent_covered": 100.0, "percent_covered_display": "100", "missing_lines": 0, "excluded_lines": 0, "percent_statements_covered": 100.0, "percent_statements_covered_display": "100", "num_branches": 0, "num_partial_branches": 0, "covered_branches": 0, "missing_branches": 0, "percent_branches_covered": 100.0, "percent_branches_covered_display": "100"}, "missing_lines": [], "excluded_lines": [], "start_line": 377, "executed_branches": [], "missing_branches": []}, "_resolve_project_path": {"executed_lines": [386, 387], "summary": {"covered_lines": 2, "num_statements": 2, "percent_covered": 100.0, "percent_covered_display": "100", "missing_lines": 0, "excluded_lines": 0, "percent_statements_covered": 100.0, "percent_statements_covered_display": "100", "num_branches": 0, "num_partial_branches": 0, "covered_branches": 0, "missing_branches": 0, "percent_branches_covered": 100.0, "percent_branches_covered_display": "100"}, "missing_lines": [], "excluded_lines": [], "start_line": 383, "executed_branches": [], "missing_branches": []}, "_runtime_mlflow_uri": {"executed_lines": [393, 394, 395, 396, 397, 398, 399], "summary": {"covered_lines": 7, "num_statements": 7, "percent_covered": 90.9090909090909, "percent_covered_display": "91", "missing_lines": 0, "excluded_lines": 0, "percent_statements_covered": 100.0, "percent_statements_covered_display": "100", "num_branches": 4, "num_partial_branches": 1, "covered_branches": 3, "missing_branches": 1, "percent_branches_covered": 75.0, "percent_branches_covered_display": "75"}, "missing_lines": [], "excluded_lines": [], "start_line": 390, "executed_branches": [[393, 394], [393, 395], [397, 398]], "missing_branches": [[397, 399]]}, "_installed_project_version": {"executed_lines": [405, 406], "summary": {"covered_lines": 2, "num_statements": 4, "percent_covered": 50.0, "percent_covered_display": "50", "missing_lines": 2, "excluded_lines": 0, "percent_statements_covered": 50.0, "percent_statements_covered_display": "50", "num_branches": 0, "num_partial_branches": 0, "covered_branches": 0, "missing_branches": 0, "percent_branches_covered": 100.0, "percent_branches_covered_display": "100"}, "missing_lines": [407, 408], "excluded_lines": [], "start_line": 402, "executed_branches": [], "missing_branches": []}, "": {"executed_lines": [3, 5, 6, 7, 8, 9, 10, 11, 13, 15, 16, 19, 25, 46, 53, 63, 84, 85, 88, 89, 90, 91, 92, 93, 94, 95, 96, 97, 98, 99, 100, 101, 102, 103, 104, 105, 106, 107, 108, 109, 110, 111, 112, 113, 114, 115, 116, 118, 151, 152, 155, 156, 157, 158, 159, 160, 161, 162, 163, 164, 165, 166, 168, 193, 246, 250, 377, 383, 390, 402], "summary": {"covered_lines": 70, "num_statements": 70, "percent_covered": 100.0, "percent_covered_display": "100", "missing_lines": 0, "excluded_lines": 0, "percent_statements_covered": 100.0, "percent_statements_covered_display": "100", "num_branches": 0, "num_partial_branches": 0, "covered_branches": 0, "missing_branches": 0, "percent_branches_covered": 100.0, "percent_branches_covered_display": "100"}, "missing_lines": [], "excluded_lines": [], "start_line": 1, "executed_branches": [], "missing_branches": []}}, "classes": {"TrainingConfig": {"executed_lines": [119, 120, 121, 122, 123, 124, 131, 132, 133, 134, 137, 138, 139, 140, 141, 142, 143, 144, 145, 146, 147, 148], "summary": {"covered_lines": 22, "num_statements": 22, "percent_covered": 100.0, "percent_covered_display": "100", "missing_lines": 0, "excluded_lines": 0, "percent_statements_covered": 100.0, "percent_statements_covered_display": "100", "num_branches": 24, "num_partial_branches": 0, "covered_branches": 24, "missing_branches": 0, "percent_branches_covered": 100.0, "percent_branches_covered_display": "100"}, "missing_lines": [], "excluded_lines": [], "start_line": 85, "executed_branches": [[119, 120], [119, 121], [121, 122], [121, 123], [123, 124], [123, 133], [124, 131], [124, 137], [131, 124], [131, 132], [133, 134], [133, 137], [137, 138], [137, 139], [139, 140], [139, 141], [141, 142], [141, 143], [143, 144], [143, 145], [145, 146], [145, 147], [147, -118], [147, 148]], "missing_branches": []}, "DeploymentConfig": {"executed_lines": [169, 174, 175, 179, 180, 181, 182, 183, 184, 185, 187, 189], "summary": {"covered_lines": 12, "num_statements": 15, "percent_covered": 79.3103448275862, "percent_covered_display": "79", "missing_lines": 3, "excluded_lines": 0, "percent_statements_covered": 80.0, "percent_statements_covered_display": "80", "num_branches": 14, "num_partial_branches": 3, "covered_branches": 11, "missing_branches": 3, "percent_branches_covered": 78.57142857142857, "percent_branches_covered_display": "79"}, "missing_lines": [186, 188, 190], "excluded_lines": [], "start_line": 152, "executed_branches": [[174, 175], [174, 179], [179, 180], [179, 181], [181, 182], [181, 183], [183, 184], [183, 185], [185, 187], [187, 189], [189, -168]], "missing_branches": [[185, 186], [187, 188], [189, 190]]}, "": {"executed_lines": [3, 5, 6, 7, 8, 9, 10, 11, 13, 15, 16, 19, 22, 25, 28, 29, 30, 31, 32, 33, 34, 35, 36, 37, 38, 39, 40, 41, 46, 49, 50, 53, 54, 63, 70, 71, 72, 73, 74, 75, 76, 77, 78, 79, 80, 81, 84, 85, 88, 89, 90, 91, 92, 93, 94, 95, 96, 97, 98, 99, 100, 101, 102, 103, 104, 105, 106, 107, 108, 109, 110, 111, 112, 113, 114, 115, 116, 118, 151, 152, 155, 156, 157, 158, 159, 160, 161, 162, 163, 164, 165, 166, 168, 193, 196, 197, 198, 199, 200, 202, 203, 205, 246, 247, 250, 259, 260, 261, 262, 263, 264, 265, 266, 267, 268, 269, 271, 272, 274, 275, 377, 380, 383, 386, 387, 390, 393, 394, 395, 396, 397, 398, 399, 402, 405, 406], "summary": {"covered_lines": 136, "num_statements": 138, "percent_covered": 98.10126582278481, "percent_covered_display": "98", "missing_lines": 2, "excluded_lines": 0, "percent_statements_covered": 98.55072463768116, "percent_statements_covered_display": "99", "num_branches": 20, "num_partial_branches": 1, "covered_branches": 19, "missing_branches": 1, "percent_branches_covered": 95.0, "percent_branches_covered_display": "95"}, "missing_lines": [407, 408], "excluded_lines": [], "start_line": 1, "executed_branches": [[29, 30], [29, 31], [32, 33], [32, 34], [37, 38], [37, 41], [39, 37], [39, 40], [71, 72], [71, 73], [73, 74], [73, 75], [76, 77], [76, 78], [265, 266], [265, 267], [393, 394], [393, 395], [397, 398]], "missing_branches": [[397, 399]]}}}, "tools\\src\\iris_mlflow_utils\\constants.py": {"executed_lines": [3, 5, 11, 12], "summary": {"covered_lines": 4, "num_statements": 4, "percent_covered": 100.0, "percent_covered_display": "100", "missing_lines": 0, "excluded_lines": 0, "percent_statements_covered": 100.0, "percent_statements_covered_display": "100", "num_branches": 0, "num_partial_branches": 0, "covered_branches": 0, "missing_branches": 0, "percent_branches_covered": 100.0, "percent_branches_covered_display": "100"}, "missing_lines": [], "excluded_lines": [], "executed_branches": [], "missing_branches": [], "functions": {"": {"executed_lines": [3, 5, 11, 12], "summary": {"covered_lines": 4, "num_statements": 4, "percent_covered": 100.0, "percent_covered_display": "100", "missing_lines": 0, "excluded_lines": 0, "percent_statements_covered": 100.0, "percent_statements_covered_display": "100", "num_branches": 0, "num_partial_branches": 0, "covered_branches": 0, "missing_branches": 0, "percent_branches_covered": 100.0, "percent_branches_covered_display": "100"}, "missing_lines": [], "excluded_lines": [], "start_line": 1, "executed_branches": [], "missing_branches": []}}, "classes": {"": {"executed_lines": [3, 5, 11, 12], "summary": {"covered_lines": 4, "num_statements": 4, "percent_covered": 100.0, "percent_covered_display": "100", "missing_lines": 0, "excluded_lines": 0, "percent_statements_covered": 100.0, "percent_statements_covered_display": "100", "num_branches": 0, "num_partial_branches": 0, "covered_branches": 0, "missing_branches": 0, "percent_branches_covered": 100.0, "percent_branches_covered_display": "100"}, "missing_lines": [], "excluded_lines": [], "start_line": 1, "executed_branches": [], "missing_branches": []}}}, "tools\\src\\iris_mlflow_utils\\data.py": {"executed_lines": [3, 5, 6, 7, 9, 10, 11, 13, 14, 17, 18, 21, 22, 23, 24, 25, 26, 27, 30, 33, 34, 35, 36, 37, 38, 39, 40, 41, 42, 43, 44, 47, 61, 63, 64, 65, 66, 67, 68, 69, 70, 72, 73, 74, 75, 76, 77, 78, 79, 86, 94, 95, 97, 98, 105, 114, 115, 116, 117, 121, 122, 131, 139, 140, 141, 142, 143, 144, 145, 146, 147, 148, 149, 150, 152, 155, 156, 157, 158, 162, 163, 164, 165, 166, 168, 169, 170], "summary": {"covered_lines": 87, "num_statements": 89, "percent_covered": 96.29629629629629, "percent_covered_display": "96", "missing_lines": 2, "excluded_lines": 0, "percent_statements_covered": 97.75280898876404, "percent_statements_covered_display": "98", "num_branches": 46, "num_partial_branches": 3, "covered_branches": 43, "missing_branches": 3, "percent_branches_covered": 93.47826086956522, "percent_branches_covered_display": "93"}, "missing_lines": [62, 123], "excluded_lines": [], "executed_branches": [[33, 34], [33, 35], [35, 36], [35, 37], [38, 39], [38, 40], [42, 43], [42, 44], [61, 63], [64, 65], [64, 66], [67, 68], [67, 72], [68, 69], [68, 70], [74, 75], [77, 78], [77, 79], [94, 95], [94, 97], [114, 115], [114, 121], [115, 116], [115, 117], [121, 122], [140, 141], [140, 142], [142, 143], [142, 144], [144, 145], [144, 146], [146, 147], [146, 149], [149, 150], [149, 152], [155, 156], [155, 157], [157, 158], [157, 162], [163, 164], [163, 165], [165, 166], [165, 168]], "missing_branches": [[61, 62], [74, 76], [121, 123]], "functions": {"get_delta_table_version": {"executed_lines": [33, 34, 35, 36, 37, 38, 39, 40, 41, 42, 43, 44], "summary": {"covered_lines": 12, "num_statements": 12, "percent_covered": 100.0, "percent_covered_display": "100", "missing_lines": 0, "excluded_lines": 0, "percent_statements_covered": 100.0, "percent_statements_covered_display": "100", "num_branches": 8, "num_partial_branches": 0, "covered_branches": 8, "missing_branches": 0, "percent_branches_covered": 100.0, "percent_branches_covered_display": "100"}, "missing_lines": [], "excluded_lines": [], "start_line": 30, "executed_branches": [[33, 34], [33, 35], [35, 36], [35, 37], [38, 39], [38, 40], [42, 43], [42, 44]], "missing_branches": []}, "load_dataset_from_spark": {"executed_lines": [61, 63, 64, 65, 66, 67, 68, 69, 70, 72, 73, 74, 75, 76, 77, 78, 79], "summary": {"covered_lines": 17, "num_statements": 18, "percent_covered": 90.0, "percent_covered_display": "90", "missing_lines": 1, "excluded_lines": 0, "percent_statements_covered": 94.44444444444444, "percent_statements_covered_display": "94", "num_branches": 12, "num_partial_branches": 2, "covered_branches": 10, "missing_branches": 2, "percent_branches_covered": 83.33333333333333, "percent_branches_covered_display": "83"}, "missing_lines": [62], "excluded_lines": [], "start_line": 47, "executed_branches": [[61, 63], [64, 65], [64, 66], [67, 68], [67, 72], [68, 69], [68, 70], [74, 75], [77, 78], [77, 79]], "missing_branches": [[61, 62], [74, 76]]}, "load_dataset": {"executed_lines": [94, 95, 97, 98], "summary": {"covered_lines": 4, "num_statements": 4, "percent_covered": 100.0, "percent_covered_display": "100", "missing_lines": 0, "excluded_lines": 0, "percent_statements_covered": 100.0, "percent_statements_covered_display": "100", "num_branches": 2, "num_partial_branches": 0, "covered_branches": 2, "missing_branches": 0, "percent_branches_covered": 100.0, "percent_branches_covered_display": "100"}, "missing_lines": [], "excluded_lines": [], "start_line": 86, "executed_branches": [[94, 95], [94, 97]], "missing_branches": []}, "load_dataset_for_runtime": {"executed_lines": [114, 115, 116, 117, 121, 122], "summary": {"covered_lines": 6, "num_statements": 7, "percent_covered": 84.61538461538461, "percent_covered_display": "85", "missing_lines": 1, "excluded_lines": 0, "percent_statements_covered": 85.71428571428571, "percent_statements_covered_display": "86", "num_branches": 6, "num_partial_branches": 1, "covered_branches": 5, "missing_branches": 1, "percent_branches_covered": 83.33333333333333, "percent_branches_covered_display": "83"}, "missing_lines": [123], "excluded_lines": [], "start_line": 105, "executed_branches": [[114, 115], [114, 121], [115, 116], [115, 117], [121, 122]], "missing_branches": [[121, 123]]}, "load_dataset_frame": {"executed_lines": [139, 140, 141, 142, 143, 144, 145, 146, 147, 148, 149, 150, 152, 155, 156, 157, 158, 162, 163, 164, 165, 166, 168, 169, 170], "summary": {"covered_lines": 25, "num_statements": 25, "percent_covered": 100.0, "percent_covered_display": "100", "missing_lines": 0, "excluded_lines": 0, "percent_statements_covered": 100.0, "percent_statements_covered_display": "100", "num_branches": 18, "num_partial_branches": 0, "covered_branches": 18, "missing_branches": 0, "percent_branches_covered": 100.0, "percent_branches_covered_display": "100"}, "missing_lines": [], "excluded_lines": [], "start_line": 131, "executed_branches": [[140, 141], [140, 142], [142, 143], [142, 144], [144, 145], [144, 146], [146, 147], [146, 149], [149, 150], [149, 152], [155, 156], [155, 157], [157, 158], [157, 162], [163, 164], [163, 165], [165, 166], [165, 168]], "missing_branches": []}, "": {"executed_lines": [3, 5, 6, 7, 9, 10, 11, 13, 14, 17, 18, 21, 22, 23, 24, 25, 26, 27, 30, 47, 86, 105, 131], "summary": {"covered_lines": 23, "num_statements": 23, "percent_covered": 100.0, "percent_covered_display": "100", "missing_lines": 0, "excluded_lines": 0, "percent_statements_covered": 100.0, "percent_statements_covered_display": "100", "num_branches": 0, "num_partial_branches": 0, "covered_branches": 0, "missing_branches": 0, "percent_branches_covered": 100.0, "percent_branches_covered_display": "100"}, "missing_lines": [], "excluded_lines": [], "start_line": 1, "executed_branches": [], "missing_branches": []}}, "classes": {"DatasetBundle": {"executed_lines": [], "summary": {"covered_lines": 0, "num_statements": 0, "percent_covered": 100.0, "percent_covered_display": "100", "missing_lines": 0, "excluded_lines": 0, "percent_statements_covered": 100.0, "percent_statements_covered_display": "100", "num_branches": 0, "num_partial_branches": 0, "covered_branches": 0, "missing_branches": 0, "percent_branches_covered": 100.0, "percent_branches_covered_display": "100"}, "missing_lines": [], "excluded_lines": [], "start_line": 18, "executed_branches": [], "missing_branches": []}, "": {"executed_lines": [3, 5, 6, 7, 9, 10, 11, 13, 14, 17, 18, 21, 22, 23, 24, 25, 26, 27, 30, 33, 34, 35, 36, 37, 38, 39, 40, 41, 42, 43, 44, 47, 61, 63, 64, 65, 66, 67, 68, 69, 70, 72, 73, 74, 75, 76, 77, 78, 79, 86, 94, 95, 97, 98, 105, 114, 115, 116, 117, 121, 122, 131, 139, 140, 141, 142, 143, 144, 145, 146, 147, 148, 149, 150, 152, 155, 156, 157, 158, 162, 163, 164, 165, 166, 168, 169, 170], "summary": {"covered_lines": 87, "num_statements": 89, "percent_covered": 96.29629629629629, "percent_covered_display": "96", "missing_lines": 2, "excluded_lines": 0, "percent_statements_covered": 97.75280898876404, "percent_statements_covered_display": "98", "num_branches": 46, "num_partial_branches": 3, "covered_branches": 43, "missing_branches": 3, "percent_branches_covered": 93.47826086956522, "percent_branches_covered_display": "93"}, "missing_lines": [62, 123], "excluded_lines": [], "start_line": 1, "executed_branches": [[33, 34], [33, 35], [35, 36], [35, 37], [38, 39], [38, 40], [42, 43], [42, 44], [61, 63], [64, 65], [64, 66], [67, 68], [67, 72], [68, 69], [68, 70], [74, 75], [77, 78], [77, 79], [94, 95], [94, 97], [114, 115], [114, 121], [115, 116], [115, 117], [121, 122], [140, 141], [140, 142], [142, 143], [142, 144], [144, 145], [144, 146], [146, 147], [146, 149], [149, 150], [149, 152], [155, 156], [155, 157], [157, 158], [157, 162], [163, 164], [163, 165], [165, 166], [165, 168]], "missing_branches": [[61, 62], [74, 76], [121, 123]]}}}, "tools\\src\\iris_mlflow_utils\\deployment.py": {"executed_lines": [3, 5, 6, 7, 8, 10, 13, 14, 17, 18, 19, 20, 21, 22, 23, 24, 26, 27, 39, 40, 43, 44, 45, 48, 49, 52, 53, 54, 57, 60, 61, 62, 63, 64, 65, 68, 74, 75, 76, 77, 78, 81, 82, 83, 86, 87, 88, 93, 94, 95, 100, 107, 113, 117, 118, 119, 122, 129, 130, 131, 136, 137, 138, 139, 140, 141, 142, 143, 144, 145, 146, 148, 149, 161, 172, 173, 181, 182, 186, 187, 191, 194, 197, 198, 199, 200, 201, 204, 213, 214, 215, 216, 217, 218, 219, 220, 221, 222, 223, 224, 225, 226, 227, 230, 240, 243, 246, 249, 250, 251, 254], "summary": {"covered_lines": 111, "num_statements": 111, "percent_covered": 100.0, "percent_covered_display": "100", "missing_lines": 0, "excluded_lines": 0, "percent_statements_covered": 100.0, "percent_statements_covered_display": "100", "num_branches": 38, "num_partial_branches": 0, "covered_branches": 38, "missing_branches": 0, "percent_branches_covered": 100.0, "percent_branches_covered_display": "100"}, "missing_lines": [], "excluded_lines": [], "executed_branches": [[60, 61], [60, 62], [63, 64], [63, 65], [78, 81], [78, 82], [86, 87], [86, 88], [93, 94], [93, 95], [117, 118], [117, 119], [137, 138], [137, 139], [139, 140], [139, 141], [141, 142], [141, 143], [143, 144], [143, 145], [145, 146], [145, 148], [181, 182], [181, 187], [197, 198], [197, 199], [199, 200], [199, 201], [215, 216], [215, 227], [220, 221], [220, 222], [222, 223], [222, 224], [224, 225], [224, 226], [250, -230], [250, 251]], "missing_branches": [], "functions": {"PromotionDecision.as_dict": {"executed_lines": [27], "summary": {"covered_lines": 1, "num_statements": 1, "percent_covered": 100.0, "percent_covered_display": "100", "missing_lines": 0, "excluded_lines": 0, "percent_statements_covered": 100.0, "percent_statements_covered_display": "100", "num_branches": 0, "num_partial_branches": 0, "covered_branches": 0, "missing_branches": 0, "percent_branches_covered": 100.0, "percent_branches_covered_display": "100"}, "missing_lines": [], "excluded_lines": [], "start_line": 26, "executed_branches": [], "missing_branches": []}, "_as_dictionary": {"executed_lines": [60, 61, 62, 63, 64, 65], "summary": {"covered_lines": 6, "num_statements": 6, "percent_covered": 100.0, "percent_covered_display": "100", "missing_lines": 0, "excluded_lines": 0, "percent_statements_covered": 100.0, "percent_statements_covered_display": "100", "num_branches": 4, "num_partial_branches": 0, "covered_branches": 4, "missing_branches": 0, "percent_branches_covered": 100.0, "percent_branches_covered_display": "100"}, "missing_lines": [], "excluded_lines": [], "start_line": 57, "executed_branches": [[60, 61], [60, 62], [63, 64], [63, 65]], "missing_branches": []}, "capture_serving_endpoint": {"executed_lines": [74, 75, 76, 77, 78, 81, 82, 83, 86, 87, 88, 93, 94, 95, 100], "summary": {"covered_lines": 15, "num_statements": 15, "percent_covered": 100.0, "percent_covered_display": "100", "missing_lines": 0, "excluded_lines": 0, "percent_statements_covered": 100.0, "percent_statements_covered_display": "100", "num_branches": 6, "num_partial_branches": 0, "covered_branches": 6, "missing_branches": 0, "percent_branches_covered": 100.0, "percent_branches_covered_display": "100"}, "missing_lines": [], "excluded_lines": [], "start_line": 68, "executed_branches": [[78, 81], [78, 82], [86, 87], [86, 88], [93, 94], [93, 95]], "missing_branches": []}, "restore_serving_endpoint": {"executed_lines": [113, 117, 118, 119], "summary": {"covered_lines": 4, "num_statements": 4, "percent_covered": 100.0, "percent_covered_display": "100", "missing_lines": 0, "excluded_lines": 0, "percent_statements_covered": 100.0, "percent_statements_covered_display": "100", "num_branches": 2, "num_partial_branches": 0, "covered_branches": 2, "missing_branches": 0, "percent_branches_covered": 100.0, "percent_branches_covered_display": "100"}, "missing_lines": [], "excluded_lines": [], "start_line": 107, "executed_branches": [[117, 118], [117, 119]], "missing_branches": []}, "evaluate_promotion_gate": {"executed_lines": [129, 130, 131, 136, 137, 138, 139, 140, 141, 142, 143, 144, 145, 146, 148, 149], "summary": {"covered_lines": 16, "num_statements": 16, "percent_covered": 100.0, "percent_covered_display": "100", "missing_lines": 0, "excluded_lines": 0, "percent_statements_covered": 100.0, "percent_statements_covered_display": "100", "num_branches": 10, "num_partial_branches": 0, "covered_branches": 10, "missing_branches": 0, "percent_branches_covered": 100.0, "percent_branches_covered_display": "100"}, "missing_lines": [], "excluded_lines": [], "start_line": 122, "executed_branches": [[137, 138], [137, 139], [139, 140], [139, 141], [141, 142], [141, 143], [143, 144], [143, 145], [145, 146], [145, 148]], "missing_branches": []}, "upsert_serving_endpoint": {"executed_lines": [172, 173, 181, 182, 186, 187, 191], "summary": {"covered_lines": 7, "num_statements": 7, "percent_covered": 100.0, "percent_covered_display": "100", "missing_lines": 0, "excluded_lines": 0, "percent_statements_covered": 100.0, "percent_statements_covered_display": "100", "num_branches": 2, "num_partial_branches": 0, "covered_branches": 2, "missing_branches": 0, "percent_branches_covered": 100.0, "percent_branches_covered_display": "100"}, "missing_lines": [], "excluded_lines": [], "start_line": 161, "executed_branches": [[181, 182], [181, 187]], "missing_branches": []}, "rollback_serving_endpoint": {"executed_lines": [197, 198, 199, 200, 201], "summary": {"covered_lines": 5, "num_statements": 5, "percent_covered": 100.0, "percent_covered_display": "100", "missing_lines": 0, "excluded_lines": 0, "percent_statements_covered": 100.0, "percent_statements_covered_display": "100", "num_branches": 4, "num_partial_branches": 0, "covered_branches": 4, "missing_branches": 0, "percent_branches_covered": 100.0, "percent_branches_covered_display": "100"}, "missing_lines": [], "excluded_lines": [], "start_line": 194, "executed_branches": [[197, 198], [197, 199], [199, 200], [199, 201]], "missing_branches": []}, "wait_for_endpoint_ready": {"executed_lines": [213, 214, 215, 216, 217, 218, 219, 220, 221, 222, 223, 224, 225, 226, 227], "summary": {"covered_lines": 15, "num_statements": 15, "percent_covered": 100.0, "percent_covered_display": "100", "missing_lines": 0, "excluded_lines": 0, "percent_statements_covered": 100.0, "percent_statements_covered_display": "100", "num_branches": 8, "num_partial_branches": 0, "covered_branches": 8, "missing_branches": 0, "percent_branches_covered": 100.0, "percent_branches_covered_display": "100"}, "missing_lines": [], "excluded_lines": [], "start_line": 204, "executed_branches": [[215, 216], [215, 227], [220, 221], [220, 222], [222, 223], [222, 224], [224, 225], [224, 226]], "missing_branches": []}, "promote_champion": {"executed_lines": [240, 243, 246, 249, 250, 251, 254], "summary": {"covered_lines": 7, "num_statements": 7, "percent_covered": 100.0, "percent_covered_display": "100", "missing_lines": 0, "excluded_lines": 0, "percent_statements_covered": 100.0, "percent_statements_covered_display": "100", "num_branches": 2, "num_partial_branches": 0, "covered_branches": 2, "missing_branches": 0, "percent_branches_covered": 100.0, "percent_branches_covered_display": "100"}, "missing_lines": [], "excluded_lines": [], "start_line": 230, "executed_branches": [[250, -230], [250, 251]], "missing_branches": []}, "": {"executed_lines": [3, 5, 6, 7, 8, 10, 13, 14, 17, 18, 19, 20, 21, 22, 23, 24, 26, 39, 40, 43, 44, 45, 48, 49, 52, 53, 54, 57, 68, 107, 122, 161, 194, 204, 230], "summary": {"covered_lines": 35, "num_statements": 35, "percent_covered": 100.0, "percent_covered_display": "100", "missing_lines": 0, "excluded_lines": 0, "percent_statements_covered": 100.0, "percent_statements_covered_display": "100", "num_branches": 0, "num_partial_branches": 0, "covered_branches": 0, "missing_branches": 0, "percent_branches_covered": 100.0, "percent_branches_covered_display": "100"}, "missing_lines": [], "excluded_lines": [], "start_line": 1, "executed_branches": [], "missing_branches": []}}, "classes": {"PromotionDecision": {"executed_lines": [27], "summary": {"covered_lines": 1, "num_statements": 1, "percent_covered": 100.0, "percent_covered_display": "100", "missing_lines": 0, "excluded_lines": 0, "percent_statements_covered": 100.0, "percent_statements_covered_display": "100", "num_branches": 0, "num_partial_branches": 0, "covered_branches": 0, "missing_branches": 0, "percent_branches_covered": 100.0, "percent_branches_covered_display": "100"}, "missing_lines": [], "excluded_lines": [], "start_line": 14, "executed_branches": [], "missing_branches": []}, "ServingEndpointSnapshot": {"executed_lines": [], "summary": {"covered_lines": 0, "num_statements": 0, "percent_covered": 100.0, "percent_covered_display": "100", "missing_lines": 0, "excluded_lines": 0, "percent_statements_covered": 100.0, "percent_statements_covered_display": "100", "num_branches": 0, "num_partial_branches": 0, "covered_branches": 0, "missing_branches": 0, "percent_branches_covered": 100.0, "percent_branches_covered_display": "100"}, "missing_lines": [], "excluded_lines": [], "start_line": 40, "executed_branches": [], "missing_branches": []}, "ServingEndpointChange": {"executed_lines": [], "summary": {"covered_lines": 0, "num_statements": 0, "percent_covered": 100.0, "percent_covered_display": "100", "missing_lines": 0, "excluded_lines": 0, "percent_statements_covered": 100.0, "percent_statements_covered_display": "100", "num_branches": 0, "num_partial_branches": 0, "covered_branches": 0, "missing_branches": 0, "percent_branches_covered": 100.0, "percent_branches_covered_display": "100"}, "missing_lines": [], "excluded_lines": [], "start_line": 49, "executed_branches": [], "missing_branches": []}, "": {"executed_lines": [3, 5, 6, 7, 8, 10, 13, 14, 17, 18, 19, 20, 21, 22, 23, 24, 26, 39, 40, 43, 44, 45, 48, 49, 52, 53, 54, 57, 60, 61, 62, 63, 64, 65, 68, 74, 75, 76, 77, 78, 81, 82, 83, 86, 87, 88, 93, 94, 95, 100, 107, 113, 117, 118, 119, 122, 129, 130, 131, 136, 137, 138, 139, 140, 141, 142, 143, 144, 145, 146, 148, 149, 161, 172, 173, 181, 182, 186, 187, 191, 194, 197, 198, 199, 200, 201, 204, 213, 214, 215, 216, 217, 218, 219, 220, 221, 222, 223, 224, 225, 226, 227, 230, 240, 243, 246, 249, 250, 251, 254], "summary": {"covered_lines": 110, "num_statements": 110, "percent_covered": 100.0, "percent_covered_display": "100", "missing_lines": 0, "excluded_lines": 0, "percent_statements_covered": 100.0, "percent_statements_covered_display": "100", "num_branches": 38, "num_partial_branches": 0, "covered_branches": 38, "missing_branches": 0, "percent_branches_covered": 100.0, "percent_branches_covered_display": "100"}, "missing_lines": [], "excluded_lines": [], "start_line": 1, "executed_branches": [[60, 61], [60, 62], [63, 64], [63, 65], [78, 81], [78, 82], [86, 87], [86, 88], [93, 94], [93, 95], [117, 118], [117, 119], [137, 138], [137, 139], [139, 140], [139, 141], [141, 142], [141, 143], [143, 144], [143, 145], [145, 146], [145, 148], [181, 182], [181, 187], [197, 198], [197, 199], [199, 200], [199, 201], [215, 216], [215, 227], [220, 221], [220, 222], [222, 223], [222, 224], [224, 225], [224, 226], [250, -230], [250, 251]], "missing_branches": []}}}, "tools\\src\\iris_mlflow_utils\\evaluation.py": {"executed_lines": [3, 5, 6, 7, 9, 11, 12, 13, 14, 15, 26, 29, 30, 33, 34, 35, 36, 37, 40, 45, 46, 47, 48, 49, 50, 53, 56, 65, 76, 86, 87, 93, 96, 103, 113, 126, 129, 140, 141, 142, 143, 144, 159, 162, 165, 166, 167, 168, 169, 170, 171, 172, 173, 176, 192, 193, 194, 195, 204, 205, 206, 207, 216, 217, 218, 219, 220, 221, 222, 223, 224, 226, 227, 229, 230, 231, 232, 233, 236, 237, 238, 241, 242, 243, 246, 247, 248, 249, 250, 251, 253, 254, 255, 256, 257, 259, 260, 265, 266, 267, 268, 269, 270, 271, 272, 273, 275, 276, 277, 280, 281, 282, 283, 284, 285, 286, 287, 289, 290, 291, 292, 293, 294, 295, 296, 297, 298, 299, 300, 304, 305, 306, 307, 308, 309, 310, 311, 312, 313, 314, 315, 316, 317, 318, 319, 320, 321, 322, 323, 324, 325, 326, 327, 328, 330, 331, 332, 335, 336, 337, 338, 339, 341, 342, 343, 344, 345, 348, 349, 350, 351, 352, 353, 354, 355, 356, 357, 358, 359, 360, 363, 368, 369, 370, 371], "summary": {"covered_lines": 185, "num_statements": 186, "percent_covered": 99.07407407407408, "percent_covered_display": "99", "missing_lines": 1, "excluded_lines": 0, "percent_statements_covered": 99.46236559139786, "percent_statements_covered_display": "99", "num_branches": 30, "num_partial_branches": 1, "covered_branches": 29, "missing_branches": 1, "percent_branches_covered": 96.66666666666667, "percent_branches_covered_display": "97"}, "missing_lines": [228], "excluded_lines": [], "executed_branches": [[48, 49], [48, 50], [141, 142], [141, 159], [142, 141], [142, 143], [195, 204], [195, 226], [216, 217], [216, 220], [217, 216], [217, 218], [227, 229], [232, 233], [232, 238], [255, 256], [255, 257], [276, 277], [276, 281], [300, 304], [300, 315], [305, 306], [305, 308], [342, 343], [342, 344], [344, 345], [344, 360], [368, 369], [368, 370]], "missing_branches": [[227, 228]], "functions": {"evaluate_model": {"executed_lines": [45, 46, 47, 48, 49, 50, 53, 56, 65], "summary": {"covered_lines": 9, "num_statements": 9, "percent_covered": 100.0, "percent_covered_display": "100", "missing_lines": 0, "excluded_lines": 0, "percent_statements_covered": 100.0, "percent_statements_covered_display": "100", "num_branches": 2, "num_partial_branches": 0, "covered_branches": 2, "missing_branches": 0, "percent_branches_covered": 100.0, "percent_branches_covered_display": "100"}, "missing_lines": [], "excluded_lines": [], "start_line": 40, "executed_branches": [[48, 49], [48, 50]], "missing_branches": []}, "evaluate_train_test": {"executed_lines": [86, 87], "summary": {"covered_lines": 2, "num_statements": 2, "percent_covered": 100.0, "percent_covered_display": "100", "missing_lines": 0, "excluded_lines": 0, "percent_statements_covered": 100.0, "percent_statements_covered_display": "100", "num_branches": 0, "num_partial_branches": 0, "covered_branches": 0, "missing_branches": 0, "percent_branches_covered": 100.0, "percent_branches_covered_display": "100"}, "missing_lines": [], "excluded_lines": [], "start_line": 76, "executed_branches": [], "missing_branches": []}, "flatten_metrics": {"executed_lines": [96], "summary": {"covered_lines": 1, "num_statements": 1, "percent_covered": 100.0, "percent_covered_display": "100", "missing_lines": 0, "excluded_lines": 0, "percent_statements_covered": 100.0, "percent_statements_covered_display": "100", "num_branches": 0, "num_partial_branches": 0, "covered_branches": 0, "missing_branches": 0, "percent_branches_covered": 100.0, "percent_branches_covered_display": "100"}, "missing_lines": [], "excluded_lines": [], "start_line": 93, "executed_branches": [], "missing_branches": []}, "build_metrics_summary_table": {"executed_lines": [113, 126], "summary": {"covered_lines": 2, "num_statements": 2, "percent_covered": 100.0, "percent_covered_display": "100", "missing_lines": 0, "excluded_lines": 0, "percent_statements_covered": 100.0, "percent_statements_covered_display": "100", "num_branches": 0, "num_partial_branches": 0, "covered_branches": 0, "missing_branches": 0, "percent_branches_covered": 100.0, "percent_branches_covered_display": "100"}, "missing_lines": [], "excluded_lines": [], "start_line": 103, "executed_branches": [], "missing_branches": []}, "build_classification_table": {"executed_lines": [140, 141, 142, 143, 144, 159], "summary": {"covered_lines": 6, "num_statements": 6, "percent_covered": 100.0, "percent_covered_display": "100", "missing_lines": 0, "excluded_lines": 0, "percent_statements_covered": 100.0, "percent_statements_covered_display": "100", "num_branches": 4, "num_partial_branches": 0, "covered_branches": 4, "missing_branches": 0, "percent_branches_covered": 100.0, "percent_branches_covered_display": "100"}, "missing_lines": [], "excluded_lines": [], "start_line": 129, "executed_branches": [[141, 142], [141, 159], [142, 141], [142, 143]], "missing_branches": []}, "_lift_frame": {"executed_lines": [165, 166, 167, 168, 169, 170, 171, 172, 173], "summary": {"covered_lines": 9, "num_statements": 9, "percent_covered": 100.0, "percent_covered_display": "100", "missing_lines": 0, "excluded_lines": 0, "percent_statements_covered": 100.0, "percent_statements_covered_display": "100", "num_branches": 0, "num_partial_branches": 0, "covered_branches": 0, "missing_branches": 0, "percent_branches_covered": 100.0, "percent_branches_covered_display": "100"}, "missing_lines": [], "excluded_lines": [], "start_line": 162, "executed_branches": [], "missing_branches": []}, "build_evaluation_artifacts": {"executed_lines": [192, 193, 194, 195, 204, 205, 206, 207, 216, 217, 218, 219, 220, 221, 222, 223, 224, 226, 227, 229, 230, 231, 232, 233, 236, 237, 238, 241, 242, 243, 246, 247, 248, 249, 250, 251, 253, 254, 255, 256, 257, 259, 260, 265, 266, 267, 268, 269, 270, 271, 272, 273, 275, 276, 277, 280, 281, 282, 283, 284, 285, 286, 287, 289, 290, 291, 292, 293, 294, 295, 296, 297, 298, 299, 300, 304, 305, 306, 307, 308, 309, 310, 311, 312, 313, 314, 315, 316, 317, 318, 319, 320, 321, 322, 323, 324, 325, 326, 327, 328, 330, 331, 332, 335, 336, 337, 338, 339, 341, 342, 343, 344, 345, 348, 349, 350, 351, 352, 353, 354, 355, 356, 357, 358, 359, 360], "summary": {"covered_lines": 126, "num_statements": 127, "percent_covered": 98.65771812080537, "percent_covered_display": "99", "missing_lines": 1, "excluded_lines": 0, "percent_statements_covered": 99.21259842519684, "percent_statements_covered_display": "99", "num_branches": 22, "num_partial_branches": 1, "covered_branches": 21, "missing_branches": 1, "percent_branches_covered": 95.45454545454545, "percent_branches_covered_display": "95"}, "missing_lines": [228], "excluded_lines": [], "start_line": 176, "executed_branches": [[195, 204], [195, 226], [216, 217], [216, 220], [217, 216], [217, 218], [227, 229], [232, 233], [232, 238], [255, 256], [255, 257], [276, 277], [276, 281], [300, 304], [300, 315], [305, 306], [305, 308], [342, 343], [342, 344], [344, 345], [344, 360]], "missing_branches": [[227, 228]]}, "build_probability_metrics": {"executed_lines": [368, 369, 370, 371], "summary": {"covered_lines": 4, "num_statements": 4, "percent_covered": 100.0, "percent_covered_display": "100", "missing_lines": 0, "excluded_lines": 0, "percent_statements_covered": 100.0, "percent_statements_covered_display": "100", "num_branches": 2, "num_partial_branches": 0, "covered_branches": 2, "missing_branches": 0, "percent_branches_covered": 100.0, "percent_branches_covered_display": "100"}, "missing_lines": [], "excluded_lines": [], "start_line": 363, "executed_branches": [[368, 369], [368, 370]], "missing_branches": []}, "": {"executed_lines": [3, 5, 6, 7, 9, 11, 12, 13, 14, 15, 26, 29, 30, 33, 34, 35, 36, 37, 40, 76, 93, 103, 129, 162, 176, 363], "summary": {"covered_lines": 26, "num_statements": 26, "percent_covered": 100.0, "percent_covered_display": "100", "missing_lines": 0, "excluded_lines": 0, "percent_statements_covered": 100.0, "percent_statements_covered_display": "100", "num_branches": 0, "num_partial_branches": 0, "covered_branches": 0, "missing_branches": 0, "percent_branches_covered": 100.0, "percent_branches_covered_display": "100"}, "missing_lines": [], "excluded_lines": [], "start_line": 1, "executed_branches": [], "missing_branches": []}}, "classes": {"EvaluationResult": {"executed_lines": [], "summary": {"covered_lines": 0, "num_statements": 0, "percent_covered": 100.0, "percent_covered_display": "100", "missing_lines": 0, "excluded_lines": 0, "percent_statements_covered": 100.0, "percent_statements_covered_display": "100", "num_branches": 0, "num_partial_branches": 0, "covered_branches": 0, "missing_branches": 0, "percent_branches_covered": 100.0, "percent_branches_covered_display": "100"}, "missing_lines": [], "excluded_lines": [], "start_line": 30, "executed_branches": [], "missing_branches": []}, "": {"executed_lines": [3, 5, 6, 7, 9, 11, 12, 13, 14, 15, 26, 29, 30, 33, 34, 35, 36, 37, 40, 45, 46, 47, 48, 49, 50, 53, 56, 65, 76, 86, 87, 93, 96, 103, 113, 126, 129, 140, 141, 142, 143, 144, 159, 162, 165, 166, 167, 168, 169, 170, 171, 172, 173, 176, 192, 193, 194, 195, 204, 205, 206, 207, 216, 217, 218, 219, 220, 221, 222, 223, 224, 226, 227, 229, 230, 231, 232, 233, 236, 237, 238, 241, 242, 243, 246, 247, 248, 249, 250, 251, 253, 254, 255, 256, 257, 259, 260, 265, 266, 267, 268, 269, 270, 271, 272, 273, 275, 276, 277, 280, 281, 282, 283, 284, 285, 286, 287, 289, 290, 291, 292, 293, 294, 295, 296, 297, 298, 299, 300, 304, 305, 306, 307, 308, 309, 310, 311, 312, 313, 314, 315, 316, 317, 318, 319, 320, 321, 322, 323, 324, 325, 326, 327, 328, 330, 331, 332, 335, 336, 337, 338, 339, 341, 342, 343, 344, 345, 348, 349, 350, 351, 352, 353, 354, 355, 356, 357, 358, 359, 360, 363, 368, 369, 370, 371], "summary": {"covered_lines": 185, "num_statements": 186, "percent_covered": 99.07407407407408, "percent_covered_display": "99", "missing_lines": 1, "excluded_lines": 0, "percent_statements_covered": 99.46236559139786, "percent_statements_covered_display": "99", "num_branches": 30, "num_partial_branches": 1, "covered_branches": 29, "missing_branches": 1, "percent_branches_covered": 96.66666666666667, "percent_branches_covered_display": "97"}, "missing_lines": [228], "excluded_lines": [], "start_line": 1, "executed_branches": [[48, 49], [48, 50], [141, 142], [141, 159], [142, 141], [142, 143], [195, 204], [195, 226], [216, 217], [216, 220], [217, 216], [217, 218], [227, 229], [232, 233], [232, 238], [255, 256], [255, 257], [276, 277], [276, 281], [300, 304], [300, 315], [305, 306], [305, 308], [342, 343], [342, 344], [344, 345], [344, 360], [368, 369], [368, 370]], "missing_branches": [[227, 228]]}}}, "tools\\src\\iris_mlflow_utils\\feature_table.py": {"executed_lines": [3, 5, 6, 7, 9, 11, 14, 27, 28, 29, 30, 31, 32, 33, 35, 40, 41, 42, 45, 46, 54, 55, 56, 61, 62, 63, 65, 66, 67, 68, 69, 70, 73, 74, 75, 80, 81, 82, 83, 84, 86, 87, 88, 89, 90, 95, 96, 97, 100, 107, 108, 109, 110, 111, 114, 115, 121, 122, 123, 124, 127, 130, 131], "summary": {"covered_lines": 63, "num_statements": 63, "percent_covered": 100.0, "percent_covered_display": "100", "missing_lines": 0, "excluded_lines": 0, "percent_statements_covered": 100.0, "percent_statements_covered_display": "100", "num_branches": 24, "num_partial_branches": 0, "covered_branches": 24, "missing_branches": 0, "percent_branches_covered": 100.0, "percent_branches_covered_display": "100"}, "missing_lines": [], "excluded_lines": [], "executed_branches": [[29, 30], [29, 35], [41, 42], [41, 45], [62, 63], [62, 65], [74, -73], [74, 75], [83, 84], [83, 86], [87, 88], [87, 95], [89, 87], [89, 90], [95, 96], [95, 97], [100, 107], [100, 108], [108, 109], [108, 110], [110, -80], [110, 111], [121, 122], [121, 123]], "missing_branches": [], "functions": {"ensure_feature_table": {"executed_lines": [27, 28, 29, 30, 31, 32, 33, 35, 40, 41, 42, 45, 46, 54, 55, 56, 61, 62, 63, 65, 66, 67, 68, 69, 70], "summary": {"covered_lines": 25, "num_statements": 25, "percent_covered": 100.0, "percent_covered_display": "100", "missing_lines": 0, "excluded_lines": 0, "percent_statements_covered": 100.0, "percent_statements_covered_display": "100", "num_branches": 6, "num_partial_branches": 0, "covered_branches": 6, "missing_branches": 0, "percent_branches_covered": 100.0, "percent_branches_covered_display": "100"}, "missing_lines": [], "excluded_lines": [], "start_line": 14, "executed_branches": [[29, 30], [29, 35], [41, 42], [41, 45], [62, 63], [62, 65]], "missing_branches": []}, "_validate_table_name": {"executed_lines": [74, 75], "summary": {"covered_lines": 2, "num_statements": 2, "percent_covered": 100.0, "percent_covered_display": "100", "missing_lines": 0, "excluded_lines": 0, "percent_statements_covered": 100.0, "percent_statements_covered_display": "100", "num_branches": 2, "num_partial_branches": 0, "covered_branches": 2, "missing_branches": 0, "percent_branches_covered": 100.0, "percent_branches_covered_display": "100"}, "missing_lines": [], "excluded_lines": [], "start_line": 73, "executed_branches": [[74, -73], [74, 75]], "missing_branches": []}, "_validate_feature_dataframe": {"executed_lines": [81, 82, 83, 84, 86, 87, 88, 89, 90, 95, 96, 97, 100, 107, 108, 109, 110, 111], "summary": {"covered_lines": 18, "num_statements": 18, "percent_covered": 100.0, "percent_covered_display": "100", "missing_lines": 0, "excluded_lines": 0, "percent_statements_covered": 100.0, "percent_statements_covered_display": "100", "num_branches": 14, "num_partial_branches": 0, "covered_branches": 14, "missing_branches": 0, "percent_branches_covered": 100.0, "percent_branches_covered_display": "100"}, "missing_lines": [], "excluded_lines": [], "start_line": 80, "executed_branches": [[83, 84], [83, 86], [87, 88], [87, 95], [89, 87], [89, 90], [95, 96], [95, 97], [100, 107], [100, 108], [108, 109], [108, 110], [110, -80], [110, 111]], "missing_branches": []}, "_ensure_primary_key": {"executed_lines": [115, 121, 122, 123, 124, 127, 130, 131], "summary": {"covered_lines": 8, "num_statements": 8, "percent_covered": 100.0, "percent_covered_display": "100", "missing_lines": 0, "excluded_lines": 0, "percent_statements_covered": 100.0, "percent_statements_covered_display": "100", "num_branches": 2, "num_partial_branches": 0, "covered_branches": 2, "missing_branches": 0, "percent_branches_covered": 100.0, "percent_branches_covered_display": "100"}, "missing_lines": [], "excluded_lines": [], "start_line": 114, "executed_branches": [[121, 122], [121, 123]], "missing_branches": []}, "": {"executed_lines": [3, 5, 6, 7, 9, 11, 14, 73, 80, 114], "summary": {"covered_lines": 10, "num_statements": 10, "percent_covered": 100.0, "percent_covered_display": "100", "missing_lines": 0, "excluded_lines": 0, "percent_statements_covered": 100.0, "percent_statements_covered_display": "100", "num_branches": 0, "num_partial_branches": 0, "covered_branches": 0, "missing_branches": 0, "percent_branches_covered": 100.0, "percent_branches_covered_display": "100"}, "missing_lines": [], "excluded_lines": [], "start_line": 1, "executed_branches": [], "missing_branches": []}}, "classes": {"": {"executed_lines": [3, 5, 6, 7, 9, 11, 14, 27, 28, 29, 30, 31, 32, 33, 35, 40, 41, 42, 45, 46, 54, 55, 56, 61, 62, 63, 65, 66, 67, 68, 69, 70, 73, 74, 75, 80, 81, 82, 83, 84, 86, 87, 88, 89, 90, 95, 96, 97, 100, 107, 108, 109, 110, 111, 114, 115, 121, 122, 123, 124, 127, 130, 131], "summary": {"covered_lines": 63, "num_statements": 63, "percent_covered": 100.0, "percent_covered_display": "100", "missing_lines": 0, "excluded_lines": 0, "percent_statements_covered": 100.0, "percent_statements_covered_display": "100", "num_branches": 24, "num_partial_branches": 0, "covered_branches": 24, "missing_branches": 0, "percent_branches_covered": 100.0, "percent_branches_covered_display": "100"}, "missing_lines": [], "excluded_lines": [], "start_line": 1, "executed_branches": [[29, 30], [29, 35], [41, 42], [41, 45], [62, 63], [62, 65], [74, -73], [74, 75], [83, 84], [83, 86], [87, 88], [87, 95], [89, 87], [89, 90], [95, 96], [95, 97], [100, 107], [100, 108], [108, 109], [108, 110], [110, -80], [110, 111], [121, 122], [121, 123]], "missing_branches": []}}}, "tools\\src\\iris_mlflow_utils\\local_deployment.py": {"executed_lines": [3, 5, 6, 7, 8, 10, 13, 16, 17, 18, 21, 30, 31, 34, 37, 48, 49, 50, 51, 54, 55, 56, 63, 66, 82, 83], "summary": {"covered_lines": 26, "num_statements": 26, "percent_covered": 100.0, "percent_covered_display": "100", "missing_lines": 0, "excluded_lines": 0, "percent_statements_covered": 100.0, "percent_statements_covered_display": "100", "num_branches": 2, "num_partial_branches": 0, "covered_branches": 2, "missing_branches": 0, "percent_branches_covered": 100.0, "percent_branches_covered_display": "100"}, "missing_lines": [], "excluded_lines": [], "executed_branches": [[48, 49], [48, 50]], "missing_branches": [], "functions": {"write_manifest": {"executed_lines": [16, 17, 18], "summary": {"covered_lines": 3, "num_statements": 3, "percent_covered": 100.0, "percent_covered_display": "100", "missing_lines": 0, "excluded_lines": 0, "percent_statements_covered": 100.0, "percent_statements_covered_display": "100", "num_branches": 0, "num_partial_branches": 0, "covered_branches": 0, "missing_branches": 0, "percent_branches_covered": 100.0, "percent_branches_covered_display": "100"}, "missing_lines": [], "excluded_lines": [], "start_line": 13, "executed_branches": [], "missing_branches": []}, "approve_locally": {"executed_lines": [30, 31, 34], "summary": {"covered_lines": 3, "num_statements": 3, "percent_covered": 100.0, "percent_covered_display": "100", "missing_lines": 0, "excluded_lines": 0, "percent_statements_covered": 100.0, "percent_statements_covered_display": "100", "num_branches": 0, "num_partial_branches": 0, "covered_branches": 0, "missing_branches": 0, "percent_branches_covered": 100.0, "percent_branches_covered_display": "100"}, "missing_lines": [], "excluded_lines": [], "start_line": 21, "executed_branches": [], "missing_branches": []}, "simulate_local_deployment": {"executed_lines": [48, 49, 50, 51, 54, 55, 56, 63, 66, 82, 83], "summary": {"covered_lines": 11, "num_statements": 11, "percent_covered": 100.0, "percent_covered_display": "100", "missing_lines": 0, "excluded_lines": 0, "percent_statements_covered": 100.0, "percent_statements_covered_display": "100", "num_branches": 2, "num_partial_branches": 0, "covered_branches": 2, "missing_branches": 0, "percent_branches_covered": 100.0, "percent_branches_covered_display": "100"}, "missing_lines": [], "excluded_lines": [], "start_line": 37, "executed_branches": [[48, 49], [48, 50]], "missing_branches": []}, "": {"executed_lines": [3, 5, 6, 7, 8, 10, 13, 21, 37], "summary": {"covered_lines": 9, "num_statements": 9, "percent_covered": 100.0, "percent_covered_display": "100", "missing_lines": 0, "excluded_lines": 0, "percent_statements_covered": 100.0, "percent_statements_covered_display": "100", "num_branches": 0, "num_partial_branches": 0, "covered_branches": 0, "missing_branches": 0, "percent_branches_covered": 100.0, "percent_branches_covered_display": "100"}, "missing_lines": [], "excluded_lines": [], "start_line": 1, "executed_branches": [], "missing_branches": []}}, "classes": {"": {"executed_lines": [3, 5, 6, 7, 8, 10, 13, 16, 17, 18, 21, 30, 31, 34, 37, 48, 49, 50, 51, 54, 55, 56, 63, 66, 82, 83], "summary": {"covered_lines": 26, "num_statements": 26, "percent_covered": 100.0, "percent_covered_display": "100", "missing_lines": 0, "excluded_lines": 0, "percent_statements_covered": 100.0, "percent_statements_covered_display": "100", "num_branches": 2, "num_partial_branches": 0, "covered_branches": 2, "missing_branches": 0, "percent_branches_covered": 100.0, "percent_branches_covered_display": "100"}, "missing_lines": [], "excluded_lines": [], "start_line": 1, "executed_branches": [[48, 49], [48, 50]], "missing_branches": []}}}, "tools\\src\\iris_mlflow_utils\\registry.py": {"executed_lines": [3, 5, 6, 8, 9, 11, 14, 17, 20, 28, 29, 30, 31, 32, 33, 38, 39, 40, 41, 42, 45, 53, 54, 55, 56, 57, 58, 59, 60, 63, 64, 65, 66, 69, 74, 82, 85, 94, 95, 96, 97, 98, 99, 102, 114, 121, 122, 123, 124, 126, 129, 130, 135, 141, 142, 143, 144, 145, 146, 147, 148, 149, 150, 166, 167, 168], "summary": {"covered_lines": 66, "num_statements": 66, "percent_covered": 98.78048780487805, "percent_covered_display": "99", "missing_lines": 0, "excluded_lines": 0, "percent_statements_covered": 100.0, "percent_statements_covered_display": "100", "num_branches": 16, "num_partial_branches": 1, "covered_branches": 15, "missing_branches": 1, "percent_branches_covered": 93.75, "percent_branches_covered_display": "94"}, "missing_lines": [], "excluded_lines": [], "executed_branches": [[28, 29], [32, 33], [32, 38], [39, 40], [39, 41], [55, 56], [55, 57], [58, 59], [58, 60], [121, 122], [121, 123], [123, 124], [123, 126], [166, 167], [166, 168]], "missing_branches": [[28, 30]], "functions": {"build_registry_client": {"executed_lines": [17], "summary": {"covered_lines": 1, "num_statements": 1, "percent_covered": 100.0, "percent_covered_display": "100", "missing_lines": 0, "excluded_lines": 0, "percent_statements_covered": 100.0, "percent_statements_covered_display": "100", "num_branches": 0, "num_partial_branches": 0, "covered_branches": 0, "missing_branches": 0, "percent_branches_covered": 100.0, "percent_branches_covered_display": "100"}, "missing_lines": [], "excluded_lines": [], "start_line": 14, "executed_branches": [], "missing_branches": []}, "ensure_mlflow_experiment": {"executed_lines": [28, 29, 30, 31, 32, 33, 38, 39, 40, 41, 42], "summary": {"covered_lines": 11, "num_statements": 11, "percent_covered": 94.11764705882354, "percent_covered_display": "94", "missing_lines": 0, "excluded_lines": 0, "percent_statements_covered": 100.0, "percent_statements_covered_display": "100", "num_branches": 6, "num_partial_branches": 1, "covered_branches": 5, "missing_branches": 1, "percent_branches_covered": 83.33333333333333, "percent_branches_covered_display": "83"}, "missing_lines": [], "excluded_lines": [], "start_line": 20, "executed_branches": [[28, 29], [32, 33], [32, 38], [39, 40], [39, 41]], "missing_branches": [[28, 30]]}, "get_model_evaluation_metrics": {"executed_lines": [53, 54, 55, 56, 57, 58, 59, 60], "summary": {"covered_lines": 8, "num_statements": 8, "percent_covered": 100.0, "percent_covered_display": "100", "missing_lines": 0, "excluded_lines": 0, "percent_statements_covered": 100.0, "percent_statements_covered_display": "100", "num_branches": 4, "num_partial_branches": 0, "covered_branches": 4, "missing_branches": 0, "percent_branches_covered": 100.0, "percent_branches_covered_display": "100"}, "missing_lines": [], "excluded_lines": [], "start_line": 45, "executed_branches": [[55, 56], [55, 57], [58, 59], [58, 60]], "missing_branches": []}, "_descriptions": {"executed_lines": [64, 65, 66, 69, 74, 82], "summary": {"covered_lines": 6, "num_statements": 6, "percent_covered": 100.0, "percent_covered_display": "100", "missing_lines": 0, "excluded_lines": 0, "percent_statements_covered": 100.0, "percent_statements_covered_display": "100", "num_branches": 0, "num_partial_branches": 0, "covered_branches": 0, "missing_branches": 0, "percent_branches_covered": 100.0, "percent_branches_covered_display": "100"}, "missing_lines": [], "excluded_lines": [], "start_line": 63, "executed_branches": [], "missing_branches": []}, "synchronize_model_registry_metadata": {"executed_lines": [94, 95, 96, 97, 98, 99, 102, 114, 121, 122, 123, 124, 126, 129, 130, 135, 141, 142, 143, 144, 145, 146, 147, 148, 149, 150, 166, 167, 168], "summary": {"covered_lines": 29, "num_statements": 29, "percent_covered": 100.0, "percent_covered_display": "100", "missing_lines": 0, "excluded_lines": 0, "percent_statements_covered": 100.0, "percent_statements_covered_display": "100", "num_branches": 6, "num_partial_branches": 0, "covered_branches": 6, "missing_branches": 0, "percent_branches_covered": 100.0, "percent_branches_covered_display": "100"}, "missing_lines": [], "excluded_lines": [], "start_line": 85, "executed_branches": [[121, 122], [121, 123], [123, 124], [123, 126], [166, 167], [166, 168]], "missing_branches": []}, "": {"executed_lines": [3, 5, 6, 8, 9, 11, 14, 20, 45, 63, 85], "summary": {"covered_lines": 11, "num_statements": 11, "percent_covered": 100.0, "percent_covered_display": "100", "missing_lines": 0, "excluded_lines": 0, "percent_statements_covered": 100.0, "percent_statements_covered_display": "100", "num_branches": 0, "num_partial_branches": 0, "covered_branches": 0, "missing_branches": 0, "percent_branches_covered": 100.0, "percent_branches_covered_display": "100"}, "missing_lines": [], "excluded_lines": [], "start_line": 1, "executed_branches": [], "missing_branches": []}}, "classes": {"": {"executed_lines": [3, 5, 6, 8, 9, 11, 14, 17, 20, 28, 29, 30, 31, 32, 33, 38, 39, 40, 41, 42, 45, 53, 54, 55, 56, 57, 58, 59, 60, 63, 64, 65, 66, 69, 74, 82, 85, 94, 95, 96, 97, 98, 99, 102, 114, 121, 122, 123, 124, 126, 129, 130, 135, 141, 142, 143, 144, 145, 146, 147, 148, 149, 150, 166, 167, 168], "summary": {"covered_lines": 66, "num_statements": 66, "percent_covered": 98.78048780487805, "percent_covered_display": "99", "missing_lines": 0, "excluded_lines": 0, "percent_statements_covered": 100.0, "percent_statements_covered_display": "100", "num_branches": 16, "num_partial_branches": 1, "covered_branches": 15, "missing_branches": 1, "percent_branches_covered": 93.75, "percent_branches_covered_display": "94"}, "missing_lines": [], "excluded_lines": [], "start_line": 1, "executed_branches": [[28, 29], [32, 33], [32, 38], [39, 40], [39, 41], [55, 56], [55, 57], [58, 59], [58, 60], [121, 122], [121, 123], [123, 124], [123, 126], [166, 167], [166, 168]], "missing_branches": [[28, 30]]}}}, "tools\\src\\iris_mlflow_utils\\runtime.py": {"executed_lines": [3, 5, 6, 7, 9, 12, 15, 16, 17, 18, 19, 22, 25, 26, 27, 28, 29, 30, 33, 36, 39, 46, 47, 48, 49, 50, 51, 52, 53, 54, 55, 56, 57, 58, 61, 64], "summary": {"covered_lines": 36, "num_statements": 36, "percent_covered": 100.0, "percent_covered_display": "100", "missing_lines": 0, "excluded_lines": 0, "percent_statements_covered": 100.0, "percent_statements_covered_display": "100", "num_branches": 12, "num_partial_branches": 0, "covered_branches": 12, "missing_branches": 0, "percent_branches_covered": 100.0, "percent_branches_covered_display": "100"}, "missing_lines": [], "excluded_lines": [], "executed_branches": [[16, 17], [16, 18], [26, 27], [26, 28], [28, 29], [28, 30], [47, 48], [47, 49], [50, 51], [50, 52], [53, 54], [53, 55]], "missing_branches": [], "functions": {"_get_dbutils": {"executed_lines": [15, 16, 17, 18, 19], "summary": {"covered_lines": 5, "num_statements": 5, "percent_covered": 100.0, "percent_covered_display": "100", "missing_lines": 0, "excluded_lines": 0, "percent_statements_covered": 100.0, "percent_statements_covered_display": "100", "num_branches": 2, "num_partial_branches": 0, "covered_branches": 2, "missing_branches": 0, "percent_branches_covered": 100.0, "percent_branches_covered_display": "100"}, "missing_lines": [], "excluded_lines": [], "start_line": 12, "executed_branches": [[16, 17], [16, 18]], "missing_branches": []}, "detect_runtime": {"executed_lines": [25, 26, 27, 28, 29, 30], "summary": {"covered_lines": 6, "num_statements": 6, "percent_covered": 100.0, "percent_covered_display": "100", "missing_lines": 0, "excluded_lines": 0, "percent_statements_covered": 100.0, "percent_statements_covered_display": "100", "num_branches": 4, "num_partial_branches": 0, "covered_branches": 4, "missing_branches": 0, "percent_branches_covered": 100.0, "percent_branches_covered_display": "100"}, "missing_lines": [], "excluded_lines": [], "start_line": 22, "executed_branches": [[26, 27], [26, 28], [28, 29], [28, 30]], "missing_branches": []}, "is_databricks_runtime": {"executed_lines": [36], "summary": {"covered_lines": 1, "num_statements": 1, "percent_covered": 100.0, "percent_covered_display": "100", "missing_lines": 0, "excluded_lines": 0, "percent_statements_covered": 100.0, "percent_statements_covered_display": "100", "num_branches": 0, "num_partial_branches": 0, "covered_branches": 0, "missing_branches": 0, "percent_branches_covered": 100.0, "percent_branches_covered_display": "100"}, "missing_lines": [], "excluded_lines": [], "start_line": 33, "executed_branches": [], "missing_branches": []}, "get_runtime_parameter": {"executed_lines": [46, 47, 48, 49, 50, 51, 52, 53, 54, 55, 56, 57, 58], "summary": {"covered_lines": 13, "num_statements": 13, "percent_covered": 100.0, "percent_covered_display": "100", "missing_lines": 0, "excluded_lines": 0, "percent_statements_covered": 100.0, "percent_statements_covered_display": "100", "num_branches": 6, "num_partial_branches": 0, "covered_branches": 6, "missing_branches": 0, "percent_branches_covered": 100.0, "percent_branches_covered_display": "100"}, "missing_lines": [], "excluded_lines": [], "start_line": 39, "executed_branches": [[47, 48], [47, 49], [50, 51], [50, 52], [53, 54], [53, 55]], "missing_branches": []}, "get_dbutils": {"executed_lines": [64], "summary": {"covered_lines": 1, "num_statements": 1, "percent_covered": 100.0, "percent_covered_display": "100", "missing_lines": 0, "excluded_lines": 0, "percent_statements_covered": 100.0, "percent_statements_covered_display": "100", "num_branches": 0, "num_partial_branches": 0, "covered_branches": 0, "missing_branches": 0, "percent_branches_covered": 100.0, "percent_branches_covered_display": "100"}, "missing_lines": [], "excluded_lines": [], "start_line": 61, "executed_branches": [], "missing_branches": []}, "": {"executed_lines": [3, 5, 6, 7, 9, 12, 22, 33, 39, 61], "summary": {"covered_lines": 10, "num_statements": 10, "percent_covered": 100.0, "percent_covered_display": "100", "missing_lines": 0, "excluded_lines": 0, "percent_statements_covered": 100.0, "percent_statements_covered_display": "100", "num_branches": 0, "num_partial_branches": 0, "covered_branches": 0, "missing_branches": 0, "percent_branches_covered": 100.0, "percent_branches_covered_display": "100"}, "missing_lines": [], "excluded_lines": [], "start_line": 1, "executed_branches": [], "missing_branches": []}}, "classes": {"": {"executed_lines": [3, 5, 6, 7, 9, 12, 15, 16, 17, 18, 19, 22, 25, 26, 27, 28, 29, 30, 33, 36, 39, 46, 47, 48, 49, 50, 51, 52, 53, 54, 55, 56, 57, 58, 61, 64], "summary": {"covered_lines": 36, "num_statements": 36, "percent_covered": 100.0, "percent_covered_display": "100", "missing_lines": 0, "excluded_lines": 0, "percent_statements_covered": 100.0, "percent_statements_covered_display": "100", "num_branches": 12, "num_partial_branches": 0, "covered_branches": 12, "missing_branches": 0, "percent_branches_covered": 100.0, "percent_branches_covered_display": "100"}, "missing_lines": [], "excluded_lines": [], "start_line": 1, "executed_branches": [[16, 17], [16, 18], [26, 27], [26, 28], [28, 29], [28, 30], [47, 48], [47, 49], [50, 51], [50, 52], [53, 54], [53, 55]], "missing_branches": []}}}, "tools\\src\\iris_mlflow_utils\\serving.py": {"executed_lines": [3, 5, 6, 7, 9, 10, 12, 13, 14, 25, 29, 32, 33, 34, 35, 36, 39, 42, 43, 44, 45, 46, 49, 52, 53, 54, 55, 56, 57, 58, 59, 62, 65, 66, 67, 70, 73, 74, 75, 76, 79, 82, 83, 84, 85, 91, 92, 93, 94, 97, 100, 101, 102, 103, 104, 105, 106, 107, 108, 109], "summary": {"covered_lines": 60, "num_statements": 60, "percent_covered": 100.0, "percent_covered_display": "100", "missing_lines": 0, "excluded_lines": 0, "percent_statements_covered": 100.0, "percent_statements_covered_display": "100", "num_branches": 14, "num_partial_branches": 0, "covered_branches": 14, "missing_branches": 0, "percent_branches_covered": 100.0, "percent_branches_covered_display": "100"}, "missing_lines": [], "excluded_lines": [], "executed_branches": [[34, 35], [34, 36], [44, 45], [44, 46], [57, 58], [57, 59], [65, 66], [65, 67], [73, 74], [73, 75], [100, 101], [100, 102], [105, 106], [105, 107]], "missing_branches": [], "functions": {"read_configuration": {"executed_lines": [32, 33, 34, 35, 36], "summary": {"covered_lines": 5, "num_statements": 5, "percent_covered": 100.0, "percent_covered_display": "100", "missing_lines": 0, "excluded_lines": 0, "percent_statements_covered": 100.0, "percent_statements_covered_display": "100", "num_branches": 2, "num_partial_branches": 0, "covered_branches": 2, "missing_branches": 0, "percent_branches_covered": 100.0, "percent_branches_covered_display": "100"}, "missing_lines": [], "excluded_lines": [], "start_line": 29, "executed_branches": [[34, 35], [34, 36]], "missing_branches": []}, "build_invocation_url": {"executed_lines": [42, 43, 44, 45, 46], "summary": {"covered_lines": 5, "num_statements": 5, "percent_covered": 100.0, "percent_covered_display": "100", "missing_lines": 0, "excluded_lines": 0, "percent_statements_covered": 100.0, "percent_statements_covered_display": "100", "num_branches": 2, "num_partial_branches": 0, "covered_branches": 2, "missing_branches": 0, "percent_branches_covered": 100.0, "percent_branches_covered_display": "100"}, "missing_lines": [], "excluded_lines": [], "start_line": 39, "executed_branches": [[44, 45], [44, 46]], "missing_branches": []}, "extract_predictions": {"executed_lines": [52, 53, 54, 55, 56, 57, 58, 59], "summary": {"covered_lines": 8, "num_statements": 8, "percent_covered": 100.0, "percent_covered_display": "100", "missing_lines": 0, "excluded_lines": 0, "percent_statements_covered": 100.0, "percent_statements_covered_display": "100", "num_branches": 2, "num_partial_branches": 0, "covered_branches": 2, "missing_branches": 0, "percent_branches_covered": 100.0, "percent_branches_covered_display": "100"}, "missing_lines": [], "excluded_lines": [], "start_line": 49, "executed_branches": [[57, 58], [57, 59]], "missing_branches": []}, "_build_payload": {"executed_lines": [65, 66, 67], "summary": {"covered_lines": 3, "num_statements": 3, "percent_covered": 100.0, "percent_covered_display": "100", "missing_lines": 0, "excluded_lines": 0, "percent_statements_covered": 100.0, "percent_statements_covered_display": "100", "num_branches": 2, "num_partial_branches": 0, "covered_branches": 2, "missing_branches": 0, "percent_branches_covered": 100.0, "percent_branches_covered_display": "100"}, "missing_lines": [], "excluded_lines": [], "start_line": 62, "executed_branches": [[65, 66], [65, 67]], "missing_branches": []}, "_raise_for_status": {"executed_lines": [73, 74, 75, 76], "summary": {"covered_lines": 4, "num_statements": 4, "percent_covered": 100.0, "percent_covered_display": "100", "missing_lines": 0, "excluded_lines": 0, "percent_statements_covered": 100.0, "percent_statements_covered_display": "100", "num_branches": 2, "num_partial_branches": 0, "covered_branches": 2, "missing_branches": 0, "percent_branches_covered": 100.0, "percent_branches_covered_display": "100"}, "missing_lines": [], "excluded_lines": [], "start_line": 70, "executed_branches": [[73, 74], [73, 75]], "missing_branches": []}, "predict": {"executed_lines": [82, 83, 84, 85, 91, 92, 93, 94], "summary": {"covered_lines": 8, "num_statements": 8, "percent_covered": 100.0, "percent_covered_display": "100", "missing_lines": 0, "excluded_lines": 0, "percent_statements_covered": 100.0, "percent_statements_covered_display": "100", "num_branches": 0, "num_partial_branches": 0, "covered_branches": 0, "missing_branches": 0, "percent_branches_covered": 100.0, "percent_branches_covered_display": "100"}, "missing_lines": [], "excluded_lines": [], "start_line": 79, "executed_branches": [], "missing_branches": []}, "predict_dataframe": {"executed_lines": [100, 101, 102, 103, 104, 105, 106, 107, 108, 109], "summary": {"covered_lines": 10, "num_statements": 10, "percent_covered": 100.0, "percent_covered_display": "100", "missing_lines": 0, "excluded_lines": 0, "percent_statements_covered": 100.0, "percent_statements_covered_display": "100", "num_branches": 4, "num_partial_branches": 0, "covered_branches": 4, "missing_branches": 0, "percent_branches_covered": 100.0, "percent_branches_covered_display": "100"}, "missing_lines": [], "excluded_lines": [], "start_line": 97, "executed_branches": [[100, 101], [100, 102], [105, 106], [105, 107]], "missing_branches": []}, "": {"executed_lines": [3, 5, 6, 7, 9, 10, 12, 13, 14, 25, 29, 39, 49, 62, 70, 79, 97], "summary": {"covered_lines": 17, "num_statements": 17, "percent_covered": 100.0, "percent_covered_display": "100", "missing_lines": 0, "excluded_lines": 0, "percent_statements_covered": 100.0, "percent_statements_covered_display": "100", "num_branches": 0, "num_partial_branches": 0, "covered_branches": 0, "missing_branches": 0, "percent_branches_covered": 100.0, "percent_branches_covered_display": "100"}, "missing_lines": [], "excluded_lines": [], "start_line": 1, "executed_branches": [], "missing_branches": []}}, "classes": {"DatabricksEndpointError": {"executed_lines": [], "summary": {"covered_lines": 0, "num_statements": 0, "percent_covered": 100.0, "percent_covered_display": "100", "missing_lines": 0, "excluded_lines": 0, "percent_statements_covered": 100.0, "percent_statements_covered_display": "100", "num_branches": 0, "num_partial_branches": 0, "covered_branches": 0, "missing_branches": 0, "percent_branches_covered": 100.0, "percent_branches_covered_display": "100"}, "missing_lines": [], "excluded_lines": [], "start_line": 25, "executed_branches": [], "missing_branches": []}, "": {"executed_lines": [3, 5, 6, 7, 9, 10, 12, 13, 14, 25, 29, 32, 33, 34, 35, 36, 39, 42, 43, 44, 45, 46, 49, 52, 53, 54, 55, 56, 57, 58, 59, 62, 65, 66, 67, 70, 73, 74, 75, 76, 79, 82, 83, 84, 85, 91, 92, 93, 94, 97, 100, 101, 102, 103, 104, 105, 106, 107, 108, 109], "summary": {"covered_lines": 60, "num_statements": 60, "percent_covered": 100.0, "percent_covered_display": "100", "missing_lines": 0, "excluded_lines": 0, "percent_statements_covered": 100.0, "percent_statements_covered_display": "100", "num_branches": 14, "num_partial_branches": 0, "covered_branches": 14, "missing_branches": 0, "percent_branches_covered": 100.0, "percent_branches_covered_display": "100"}, "missing_lines": [], "excluded_lines": [], "start_line": 1, "executed_branches": [[34, 35], [34, 36], [44, 45], [44, 46], [57, 58], [57, 59], [65, 66], [65, 67], [73, 74], [73, 75], [100, 101], [100, 102], [105, 106], [105, 107]], "missing_branches": []}}}}, "totals": {"covered_lines": 820, "num_statements": 828, "percent_covered": 98.40823970037454, "percent_covered_display": "98", "missing_lines": 8, "excluded_lines": 0, "percent_statements_covered": 99.03381642512078, "percent_statements_covered_display": "99", "num_branches": 240, "num_partial_branches": 9, "covered_branches": 231, "missing_branches": 9, "percent_branches_covered": 96.25, "percent_branches_covered_display": "96"}}