{"meta": {"format": 3, "version": "7.15.4", "timestamp": "2026-08-25T18:36:59.524885", "branch_coverage": true, "show_contexts": false}, "files": {"src\\iris_mlflow_utils\\__init__.py": {"executed_lines": [3, 7, 9, 20, 28, 41, 52, 53, 58, 66, 72, 79, 88], "summary": {"covered_lines": 13, "num_statements": 13, "percent_covered": 100.0, "percent_covered_display": "100", "missing_lines": 0, "excluded_lines": 0, "percent_statements_covered": 100.0, "percent_statements_covered_display": "100", "num_branches": 0, "num_partial_branches": 0, "covered_branches": 0, "missing_branches": 0, "percent_branches_covered": 100.0, "percent_branches_covered_display": "100"}, "missing_lines": [], "excluded_lines": [], "executed_branches": [], "missing_branches": [], "functions": {"": {"executed_lines": [3, 7, 9, 20, 28, 41, 52, 53, 58, 66, 72, 79, 88], "summary": {"covered_lines": 13, "num_statements": 13, "percent_covered": 100.0, "percent_covered_display": "100", "missing_lines": 0, "excluded_lines": 0, "percent_statements_covered": 100.0, "percent_statements_covered_display": "100", "num_branches": 0, "num_partial_branches": 0, "covered_branches": 0, "missing_branches": 0, "percent_branches_covered": 100.0, "percent_branches_covered_display": "100"}, "missing_lines": [], "excluded_lines": [], "start_line": 1, "executed_branches": [], "missing_branches": []}}, "classes": {"": {"executed_lines": [3, 7, 9, 20, 28, 41, 52, 53, 58, 66, 72, 79, 88], "summary": {"covered_lines": 13, "num_statements": 13, "percent_covered": 100.0, "percent_covered_display": "100", "missing_lines": 0, "excluded_lines": 0, "percent_statements_covered": 100.0, "percent_statements_covered_display": "100", "num_branches": 0, "num_partial_branches": 0, "covered_branches": 0, "missing_branches": 0, "percent_branches_covered": 100.0, "percent_branches_covered_display": "100"}, "missing_lines": [], "excluded_lines": [], "start_line": 1, "executed_branches": [], "missing_branches": []}}}, "src\\iris_mlflow_utils\\config.py": {"executed_lines": [3, 5, 6, 7, 8, 9, 10, 11, 13, 15, 16, 17, 20, 23, 26, 29, 30, 31, 32, 33, 34, 35, 36, 37, 38, 39, 40, 41, 42, 47, 50, 51, 54, 55, 58, 59, 60, 61, 62, 63, 64, 66, 67, 68, 69, 70, 71, 72, 73, 74, 75, 76, 77, 78, 81, 82, 85, 86, 87, 88, 89, 90, 92, 93, 94, 95, 96, 97, 98, 99, 100, 101, 104, 105, 106, 107, 108, 109, 111, 112, 113, 114, 117, 122, 127, 128, 129, 130, 131, 143, 153, 154, 163, 170, 171, 172, 173, 174, 175, 176, 177, 178, 179, 180, 181, 184, 185, 188, 189, 190, 191, 192, 193, 194, 195, 196, 197, 198, 199, 200, 201, 202, 203, 204, 205, 206, 207, 208, 209, 210, 211, 212, 213, 214, 215, 216, 218, 219, 220, 221, 222, 223, 224, 231, 232, 233, 234, 237, 238, 239, 240, 241, 242, 243, 244, 245, 246, 247, 248, 251, 252, 255, 256, 257, 258, 259, 260, 261, 262, 263, 264, 265, 266, 267, 269, 270, 275, 276, 280, 281, 282, 283, 284, 285, 286, 287, 288, 289, 290, 291, 294, 297, 298, 299, 300, 301, 302, 303, 305, 306, 308, 350, 351, 354, 363, 364, 365, 366, 367, 368, 369, 370, 371, 372, 373, 375, 376, 378, 379, 486, 489, 492, 495, 496, 499, 502, 503, 504, 505, 506, 507, 508, 511, 514, 515, 516, 519, 522, 523, 524, 525], "summary": {"covered_lines": 241, "num_statements": 241, "percent_covered": 100.0, "percent_covered_display": "100", "missing_lines": 0, "excluded_lines": 0, "percent_statements_covered": 100.0, "percent_statements_covered_display": "100", "num_branches": 86, "num_partial_branches": 0, "covered_branches": 86, "missing_branches": 0, "percent_branches_covered": 100.0, "percent_branches_covered_display": "100"}, "missing_lines": [], "excluded_lines": [], "executed_branches": [[30, 31], [30, 32], [33, 34], [33, 35], [38, 39], [38, 42], [40, 38], [40, 41], [67, 68], [67, 69], [69, 70], [69, 71], [71, 72], [71, 73], [73, 74], [73, 75], [75, 76], [75, 77], [77, -66], [77, 78], [93, 94], [93, 95], [95, 96], [95, 97], [97, 98], [97, 99], [100, -92], [100, 101], [105, 106], [105, 107], [108, 109], [108, 111], [112, 113], [112, 114], [171, 172], [171, 173], [173, 174], [173, 175], [176, 177], [176, 178], [219, 220], [219, 221], [221, 222], [221, 223], [223, 224], [223, 233], [224, 231], [224, 237], [231, 224], [231, 232], [233, 234], [233, 237], [237, 238], [237, 239], [239, 240], [239, 241], [241, 242], [241, 243], [243, 244], [243, 245], [245, 246], [245, 247], [247, -218], [247, 248], [275, 276], [275, 280], [280, 281], [280, 282], [282, 283], [282, 284], [284, 285], [284, 286], [286, 287], [286, 288], [288, 289], [288, 290], [290, -269], [290, 291], [369, 370], [369, 371], [502, 503], [502, 504], [506, 507], [506, 508], [514, 515], [514, 516]], "missing_branches": [], "functions": {"is_databricks": {"executed_lines": [23], "summary": {"covered_lines": 1, "num_statements": 1, "percent_covered": 100.0, "percent_covered_display": "100", "missing_lines": 0, "excluded_lines": 0, "percent_statements_covered": 100.0, "percent_statements_covered_display": "100", "num_branches": 0, "num_partial_branches": 0, "covered_branches": 0, "missing_branches": 0, "percent_branches_covered": 100.0, "percent_branches_covered_display": "100"}, "missing_lines": [], "excluded_lines": [], "start_line": 20, "executed_branches": [], "missing_branches": []}, "_find_config_path": {"executed_lines": [29, 30, 31, 32, 33, 34, 35, 36, 37, 38, 39, 40, 41, 42], "summary": {"covered_lines": 14, "num_statements": 14, "percent_covered": 100.0, "percent_covered_display": "100", "missing_lines": 0, "excluded_lines": 0, "percent_statements_covered": 100.0, "percent_statements_covered_display": "100", "num_branches": 8, "num_partial_branches": 0, "covered_branches": 8, "missing_branches": 0, "percent_branches_covered": 100.0, "percent_branches_covered_display": "100"}, "missing_lines": [], "excluded_lines": [], "start_line": 26, "executed_branches": [[30, 31], [30, 32], [33, 34], [33, 35], [38, 39], [38, 42], [40, 38], [40, 41]], "missing_branches": []}, "load_file_config": {"executed_lines": [50, 51], "summary": {"covered_lines": 2, "num_statements": 2, "percent_covered": 100.0, "percent_covered_display": "100", "missing_lines": 0, "excluded_lines": 0, "percent_statements_covered": 100.0, "percent_statements_covered_display": "100", "num_branches": 0, "num_partial_branches": 0, "covered_branches": 0, "missing_branches": 0, "percent_branches_covered": 100.0, "percent_branches_covered_display": "100"}, "missing_lines": [], "excluded_lines": [], "start_line": 47, "executed_branches": [], "missing_branches": []}, "PromotionRule.__post_init__": {"executed_lines": [67, 68, 69, 70, 71, 72, 73, 74, 75, 76, 77, 78], "summary": {"covered_lines": 12, "num_statements": 12, "percent_covered": 100.0, "percent_covered_display": "100", "missing_lines": 0, "excluded_lines": 0, "percent_statements_covered": 100.0, "percent_statements_covered_display": "100", "num_branches": 12, "num_partial_branches": 0, "covered_branches": 12, "missing_branches": 0, "percent_branches_covered": 100.0, "percent_branches_covered_display": "100"}, "missing_lines": [], "excluded_lines": [], "start_line": 66, "executed_branches": [[67, 68], [67, 69], [69, 70], [69, 71], [71, 72], [71, 73], [73, 74], [73, 75], [75, 76], [75, 77], [77, -66], [77, 78]], "missing_branches": []}, "PromotionPolicy.__post_init__": {"executed_lines": [93, 94, 95, 96, 97, 98, 99, 100, 101], "summary": {"covered_lines": 9, "num_statements": 9, "percent_covered": 100.0, "percent_covered_display": "100", "missing_lines": 0, "excluded_lines": 0, "percent_statements_covered": 100.0, "percent_statements_covered_display": "100", "num_branches": 8, "num_partial_branches": 0, "covered_branches": 8, "missing_branches": 0, "percent_branches_covered": 100.0, "percent_branches_covered_display": "100"}, "missing_lines": [], "excluded_lines": [], "start_line": 92, "executed_branches": [[93, 94], [93, 95], [95, 96], [95, 97], [97, 98], [97, 99], [100, -92], [100, 101]], "missing_branches": []}, "_find_promotion_policy_path": {"executed_lines": [105, 106, 107, 108, 109, 111, 112, 113, 114], "summary": {"covered_lines": 9, "num_statements": 9, "percent_covered": 100.0, "percent_covered_display": "100", "missing_lines": 0, "excluded_lines": 0, "percent_statements_covered": 100.0, "percent_statements_covered_display": "100", "num_branches": 6, "num_partial_branches": 0, "covered_branches": 6, "missing_branches": 0, "percent_branches_covered": 100.0, "percent_branches_covered_display": "100"}, "missing_lines": [], "excluded_lines": [], "start_line": 104, "executed_branches": [[105, 106], [105, 107], [108, 109], [108, 111], [112, 113], [112, 114]], "missing_branches": []}, "load_promotion_policy": {"executed_lines": [122, 127, 128, 129, 130, 131, 143], "summary": {"covered_lines": 7, "num_statements": 7, "percent_covered": 100.0, "percent_covered_display": "100", "missing_lines": 0, "excluded_lines": 0, "percent_statements_covered": 100.0, "percent_statements_covered_display": "100", "num_branches": 0, "num_partial_branches": 0, "covered_branches": 0, "missing_branches": 0, "percent_branches_covered": 100.0, "percent_branches_covered_display": "100"}, "missing_lines": [], "excluded_lines": [], "start_line": 117, "executed_branches": [], "missing_branches": []}, "_widget_overrides_enabled": {"executed_lines": [154], "summary": {"covered_lines": 1, "num_statements": 1, "percent_covered": 100.0, "percent_covered_display": "100", "missing_lines": 0, "excluded_lines": 0, "percent_statements_covered": 100.0, "percent_statements_covered_display": "100", "num_branches": 0, "num_partial_branches": 0, "covered_branches": 0, "missing_branches": 0, "percent_branches_covered": 100.0, "percent_branches_covered_display": "100"}, "missing_lines": [], "excluded_lines": [], "start_line": 153, "executed_branches": [], "missing_branches": []}, "get_setting": {"executed_lines": [170, 171, 172, 173, 174, 175, 176, 177, 178, 179, 180, 181], "summary": {"covered_lines": 12, "num_statements": 12, "percent_covered": 100.0, "percent_covered_display": "100", "missing_lines": 0, "excluded_lines": 0, "percent_statements_covered": 100.0, "percent_statements_covered_display": "100", "num_branches": 6, "num_partial_branches": 0, "covered_branches": 6, "missing_branches": 0, "percent_branches_covered": 100.0, "percent_branches_covered_display": "100"}, "missing_lines": [], "excluded_lines": [], "start_line": 163, "executed_branches": [[171, 172], [171, 173], [173, 174], [173, 175], [176, 177], [176, 178]], "missing_branches": []}, "TrainingConfig.__post_init__": {"executed_lines": [219, 220, 221, 222, 223, 224, 231, 232, 233, 234, 237, 238, 239, 240, 241, 242, 243, 244, 245, 246, 247, 248], "summary": {"covered_lines": 22, "num_statements": 22, "percent_covered": 100.0, "percent_covered_display": "100", "missing_lines": 0, "excluded_lines": 0, "percent_statements_covered": 100.0, "percent_statements_covered_display": "100", "num_branches": 24, "num_partial_branches": 0, "covered_branches": 24, "missing_branches": 0, "percent_branches_covered": 100.0, "percent_branches_covered_display": "100"}, "missing_lines": [], "excluded_lines": [], "start_line": 218, "executed_branches": [[219, 220], [219, 221], [221, 222], [221, 223], [223, 224], [223, 233], [224, 231], [224, 237], [231, 224], [231, 232], [233, 234], [233, 237], [237, 238], [237, 239], [239, 240], [239, 241], [241, 242], [241, 243], [243, 244], [243, 245], [245, 246], [245, 247], [247, -218], [247, 248]], "missing_branches": []}, "DeploymentConfig.__post_init__": {"executed_lines": [270, 275, 276, 280, 281, 282, 283, 284, 285, 286, 287, 288, 289, 290, 291], "summary": {"covered_lines": 15, "num_statements": 15, "percent_covered": 100.0, "percent_covered_display": "100", "missing_lines": 0, "excluded_lines": 0, "percent_statements_covered": 100.0, "percent_statements_covered_display": "100", "num_branches": 14, "num_partial_branches": 0, "covered_branches": 14, "missing_branches": 0, "percent_branches_covered": 100.0, "percent_branches_covered_display": "100"}, "missing_lines": [], "excluded_lines": [], "start_line": 269, "executed_branches": [[275, 276], [275, 280], [280, 281], [280, 282], [282, 283], [282, 284], [284, 285], [284, 286], [286, 287], [286, 288], [288, 289], [288, 290], [290, -269], [290, 291]], "missing_branches": []}, "build_deployment_config": {"executed_lines": [297, 298, 299, 300, 301, 302, 303, 305, 308], "summary": {"covered_lines": 9, "num_statements": 9, "percent_covered": 100.0, "percent_covered_display": "100", "missing_lines": 0, "excluded_lines": 0, "percent_statements_covered": 100.0, "percent_statements_covered_display": "100", "num_branches": 0, "num_partial_branches": 0, "covered_branches": 0, "missing_branches": 0, "percent_branches_covered": 100.0, "percent_branches_covered_display": "100"}, "missing_lines": [], "excluded_lines": [], "start_line": 294, "executed_branches": [], "missing_branches": []}, "build_deployment_config.setting": {"executed_lines": [306], "summary": {"covered_lines": 1, "num_statements": 1, "percent_covered": 100.0, "percent_covered_display": "100", "missing_lines": 0, "excluded_lines": 0, "percent_statements_covered": 100.0, "percent_statements_covered_display": "100", "num_branches": 0, "num_partial_branches": 0, "covered_branches": 0, "missing_branches": 0, "percent_branches_covered": 100.0, "percent_branches_covered_display": "100"}, "missing_lines": [], "excluded_lines": [], "start_line": 305, "executed_branches": [], "missing_branches": []}, "_file_value": {"executed_lines": [351], "summary": {"covered_lines": 1, "num_statements": 1, "percent_covered": 100.0, "percent_covered_display": "100", "missing_lines": 0, "excluded_lines": 0, "percent_statements_covered": 100.0, "percent_statements_covered_display": "100", "num_branches": 0, "num_partial_branches": 0, "covered_branches": 0, "missing_branches": 0, "percent_branches_covered": 100.0, "percent_branches_covered_display": "100"}, "missing_lines": [], "excluded_lines": [], "start_line": 350, "executed_branches": [], "missing_branches": []}, "build_config": {"executed_lines": [363, 364, 365, 366, 367, 368, 369, 370, 371, 372, 373, 375, 378, 379], "summary": {"covered_lines": 14, "num_statements": 14, "percent_covered": 100.0, "percent_covered_display": "100", "missing_lines": 0, "excluded_lines": 0, "percent_statements_covered": 100.0, "percent_statements_covered_display": "100", "num_branches": 2, "num_partial_branches": 0, "covered_branches": 2, "missing_branches": 0, "percent_branches_covered": 100.0, "percent_branches_covered_display": "100"}, "missing_lines": [], "excluded_lines": [], "start_line": 354, "executed_branches": [[369, 370], [369, 371]], "missing_branches": []}, "build_config.setting": {"executed_lines": [376], "summary": {"covered_lines": 1, "num_statements": 1, "percent_covered": 100.0, "percent_covered_display": "100", "missing_lines": 0, "excluded_lines": 0, "percent_statements_covered": 100.0, "percent_statements_covered_display": "100", "num_branches": 0, "num_partial_branches": 0, "covered_branches": 0, "missing_branches": 0, "percent_branches_covered": 100.0, "percent_branches_covered_display": "100"}, "missing_lines": [], "excluded_lines": [], "start_line": 375, "executed_branches": [], "missing_branches": []}, "build_runtime_config": {"executed_lines": [489], "summary": {"covered_lines": 1, "num_statements": 1, "percent_covered": 100.0, "percent_covered_display": "100", "missing_lines": 0, "excluded_lines": 0, "percent_statements_covered": 100.0, "percent_statements_covered_display": "100", "num_branches": 0, "num_partial_branches": 0, "covered_branches": 0, "missing_branches": 0, "percent_branches_covered": 100.0, "percent_branches_covered_display": "100"}, "missing_lines": [], "excluded_lines": [], "start_line": 486, "executed_branches": [], "missing_branches": []}, "_resolve_project_path": {"executed_lines": [495, 496], "summary": {"covered_lines": 2, "num_statements": 2, "percent_covered": 100.0, "percent_covered_display": "100", "missing_lines": 0, "excluded_lines": 0, "percent_statements_covered": 100.0, "percent_statements_covered_display": "100", "num_branches": 0, "num_partial_branches": 0, "covered_branches": 0, "missing_branches": 0, "percent_branches_covered": 100.0, "percent_branches_covered_display": "100"}, "missing_lines": [], "excluded_lines": [], "start_line": 492, "executed_branches": [], "missing_branches": []}, "_runtime_mlflow_uri": {"executed_lines": [502, 503, 504, 505, 506, 507, 508], "summary": {"covered_lines": 7, "num_statements": 7, "percent_covered": 100.0, "percent_covered_display": "100", "missing_lines": 0, "excluded_lines": 0, "percent_statements_covered": 100.0, "percent_statements_covered_display": "100", "num_branches": 4, "num_partial_branches": 0, "covered_branches": 4, "missing_branches": 0, "percent_branches_covered": 100.0, "percent_branches_covered_display": "100"}, "missing_lines": [], "excluded_lines": [], "start_line": 499, "executed_branches": [[502, 503], [502, 504], [506, 507], [506, 508]], "missing_branches": []}, "_runtime_artifact_location": {"executed_lines": [514, 515, 516], "summary": {"covered_lines": 3, "num_statements": 3, "percent_covered": 100.0, "percent_covered_display": "100", "missing_lines": 0, "excluded_lines": 0, "percent_statements_covered": 100.0, "percent_statements_covered_display": "100", "num_branches": 2, "num_partial_branches": 0, "covered_branches": 2, "missing_branches": 0, "percent_branches_covered": 100.0, "percent_branches_covered_display": "100"}, "missing_lines": [], "excluded_lines": [], "start_line": 511, "executed_branches": [[514, 515], [514, 516]], "missing_branches": []}, "_installed_project_version": {"executed_lines": [522, 523, 524, 525], "summary": {"covered_lines": 4, "num_statements": 4, "percent_covered": 100.0, "percent_covered_display": "100", "missing_lines": 0, "excluded_lines": 0, "percent_statements_covered": 100.0, "percent_statements_covered_display": "100", "num_branches": 0, "num_partial_branches": 0, "covered_branches": 0, "missing_branches": 0, "percent_branches_covered": 100.0, "percent_branches_covered_display": "100"}, "missing_lines": [], "excluded_lines": [], "start_line": 519, "executed_branches": [], "missing_branches": []}, "": {"executed_lines": [3, 5, 6, 7, 8, 9, 10, 11, 13, 15, 16, 17, 20, 26, 47, 54, 55, 58, 59, 60, 61, 62, 63, 64, 66, 81, 82, 85, 86, 87, 88, 89, 90, 92, 104, 117, 153, 163, 184, 185, 188, 189, 190, 191, 192, 193, 194, 195, 196, 197, 198, 199, 200, 201, 202, 203, 204, 205, 206, 207, 208, 209, 210, 211, 212, 213, 214, 215, 216, 218, 251, 252, 255, 256, 257, 258, 259, 260, 261, 262, 263, 264, 265, 266, 267, 269, 294, 350, 354, 486, 492, 499, 511, 519], "summary": {"covered_lines": 94, "num_statements": 94, "percent_covered": 100.0, "percent_covered_display": "100", "missing_lines": 0, "excluded_lines": 0, "percent_statements_covered": 100.0, "percent_statements_covered_display": "100", "num_branches": 0, "num_partial_branches": 0, "covered_branches": 0, "missing_branches": 0, "percent_branches_covered": 100.0, "percent_branches_covered_display": "100"}, "missing_lines": [], "excluded_lines": [], "start_line": 1, "executed_branches": [], "missing_branches": []}}, "classes": {"PromotionRule": {"executed_lines": [67, 68, 69, 70, 71, 72, 73, 74, 75, 76, 77, 78], "summary": {"covered_lines": 12, "num_statements": 12, "percent_covered": 100.0, "percent_covered_display": "100", "missing_lines": 0, "excluded_lines": 0, "percent_statements_covered": 100.0, "percent_statements_covered_display": "100", "num_branches": 12, "num_partial_branches": 0, "covered_branches": 12, "missing_branches": 0, "percent_branches_covered": 100.0, "percent_branches_covered_display": "100"}, "missing_lines": [], "excluded_lines": [], "start_line": 55, "executed_branches": [[67, 68], [67, 69], [69, 70], [69, 71], [71, 72], [71, 73], [73, 74], [73, 75], [75, 76], [75, 77], [77, -66], [77, 78]], "missing_branches": []}, "PromotionPolicy": {"executed_lines": [93, 94, 95, 96, 97, 98, 99, 100, 101], "summary": {"covered_lines": 9, "num_statements": 9, "percent_covered": 100.0, "percent_covered_display": "100", "missing_lines": 0, "excluded_lines": 0, "percent_statements_covered": 100.0, "percent_statements_covered_display": "100", "num_branches": 8, "num_partial_branches": 0, "covered_branches": 8, "missing_branches": 0, "percent_branches_covered": 100.0, "percent_branches_covered_display": "100"}, "missing_lines": [], "excluded_lines": [], "start_line": 82, "executed_branches": [[93, 94], [93, 95], [95, 96], [95, 97], [97, 98], [97, 99], [100, -92], [100, 101]], "missing_branches": []}, "TrainingConfig": {"executed_lines": [219, 220, 221, 222, 223, 224, 231, 232, 233, 234, 237, 238, 239, 240, 241, 242, 243, 244, 245, 246, 247, 248], "summary": {"covered_lines": 22, "num_statements": 22, "percent_covered": 100.0, "percent_covered_display": "100", "missing_lines": 0, "excluded_lines": 0, "percent_statements_covered": 100.0, "percent_statements_covered_display": "100", "num_branches": 24, "num_partial_branches": 0, "covered_branches": 24, "missing_branches": 0, "percent_branches_covered": 100.0, "percent_branches_covered_display": "100"}, "missing_lines": [], "excluded_lines": [], "start_line": 185, "executed_branches": [[219, 220], [219, 221], [221, 222], [221, 223], [223, 224], [223, 233], [224, 231], [224, 237], [231, 224], [231, 232], [233, 234], [233, 237], [237, 238], [237, 239], [239, 240], [239, 241], [241, 242], [241, 243], [243, 244], [243, 245], [245, 246], [245, 247], [247, -218], [247, 248]], "missing_branches": []}, "DeploymentConfig": {"executed_lines": [270, 275, 276, 280, 281, 282, 283, 284, 285, 286, 287, 288, 289, 290, 291], "summary": {"covered_lines": 15, "num_statements": 15, "percent_covered": 100.0, "percent_covered_display": "100", "missing_lines": 0, "excluded_lines": 0, "percent_statements_covered": 100.0, "percent_statements_covered_display": "100", "num_branches": 14, "num_partial_branches": 0, "covered_branches": 14, "missing_branches": 0, "percent_branches_covered": 100.0, "percent_branches_covered_display": "100"}, "missing_lines": [], "excluded_lines": [], "start_line": 252, "executed_branches": [[275, 276], [275, 280], [280, 281], [280, 282], [282, 283], [282, 284], [284, 285], [284, 286], [286, 287], [286, 288], [288, 289], [288, 290], [290, -269], [290, 291]], "missing_branches": []}, "": {"executed_lines": [3, 5, 6, 7, 8, 9, 10, 11, 13, 15, 16, 17, 20, 23, 26, 29, 30, 31, 32, 33, 34, 35, 36, 37, 38, 39, 40, 41, 42, 47, 50, 51, 54, 55, 58, 59, 60, 61, 62, 63, 64, 66, 81, 82, 85, 86, 87, 88, 89, 90, 92, 104, 105, 106, 107, 108, 109, 111, 112, 113, 114, 117, 122, 127, 128, 129, 130, 131, 143, 153, 154, 163, 170, 171, 172, 173, 174, 175, 176, 177, 178, 179, 180, 181, 184, 185, 188, 189, 190, 191, 192, 193, 194, 195, 196, 197, 198, 199, 200, 201, 202, 203, 204, 205, 206, 207, 208, 209, 210, 211, 212, 213, 214, 215, 216, 218, 251, 252, 255, 256, 257, 258, 259, 260, 261, 262, 263, 264, 265, 266, 267, 269, 294, 297, 298, 299, 300, 301, 302, 303, 305, 306, 308, 350, 351, 354, 363, 364, 365, 366, 367, 368, 369, 370, 371, 372, 373, 375, 376, 378, 379, 486, 489, 492, 495, 496, 499, 502, 503, 504, 505, 506, 507, 508, 511, 514, 515, 516, 519, 522, 523, 524, 525], "summary": {"covered_lines": 183, "num_statements": 183, "percent_covered": 100.0, "percent_covered_display": "100", "missing_lines": 0, "excluded_lines": 0, "percent_statements_covered": 100.0, "percent_statements_covered_display": "100", "num_branches": 28, "num_partial_branches": 0, "covered_branches": 28, "missing_branches": 0, "percent_branches_covered": 100.0, "percent_branches_covered_display": "100"}, "missing_lines": [], "excluded_lines": [], "start_line": 1, "executed_branches": [[30, 31], [30, 32], [33, 34], [33, 35], [38, 39], [38, 42], [40, 38], [40, 41], [105, 106], [105, 107], [108, 109], [108, 111], [112, 113], [112, 114], [171, 172], [171, 173], [173, 174], [173, 175], [176, 177], [176, 178], [369, 370], [369, 371], [502, 503], [502, 504], [506, 507], [506, 508], [514, 515], [514, 516]], "missing_branches": []}}}, "src\\iris_mlflow_utils\\constants.py": {"executed_lines": [3, 5, 11, 12], "summary": {"covered_lines": 4, "num_statements": 4, "percent_covered": 100.0, "percent_covered_display": "100", "missing_lines": 0, "excluded_lines": 0, "percent_statements_covered": 100.0, "percent_statements_covered_display": "100", "num_branches": 0, "num_partial_branches": 0, "covered_branches": 0, "missing_branches": 0, "percent_branches_covered": 100.0, "percent_branches_covered_display": "100"}, "missing_lines": [], "excluded_lines": [], "executed_branches": [], "missing_branches": [], "functions": {"": {"executed_lines": [3, 5, 11, 12], "summary": {"covered_lines": 4, "num_statements": 4, "percent_covered": 100.0, "percent_covered_display": "100", "missing_lines": 0, "excluded_lines": 0, "percent_statements_covered": 100.0, "percent_statements_covered_display": "100", "num_branches": 0, "num_partial_branches": 0, "covered_branches": 0, "missing_branches": 0, "percent_branches_covered": 100.0, "percent_branches_covered_display": "100"}, "missing_lines": [], "excluded_lines": [], "start_line": 1, "executed_branches": [], "missing_branches": []}}, "classes": {"": {"executed_lines": [3, 5, 11, 12], "summary": {"covered_lines": 4, "num_statements": 4, "percent_covered": 100.0, "percent_covered_display": "100", "missing_lines": 0, "excluded_lines": 0, "percent_statements_covered": 100.0, "percent_statements_covered_display": "100", "num_branches": 0, "num_partial_branches": 0, "covered_branches": 0, "missing_branches": 0, "percent_branches_covered": 100.0, "percent_branches_covered_display": "100"}, "missing_lines": [], "excluded_lines": [], "start_line": 1, "executed_branches": [], "missing_branches": []}}}, "src\\iris_mlflow_utils\\data.py": {"executed_lines": [3, 5, 6, 7, 9, 10, 11, 13, 14, 17, 18, 21, 22, 23, 24, 25, 26, 27, 30, 33, 34, 35, 36, 37, 38, 39, 40, 41, 42, 43, 44, 47, 61, 62, 63, 64, 65, 66, 67, 68, 69, 70, 72, 73, 74, 75, 76, 77, 78, 79, 86, 94, 95, 97, 98, 105, 114, 115, 116, 117, 121, 122, 123, 131, 139, 140, 141, 142, 143, 144, 145, 146, 147, 148, 149, 150, 152, 155, 156, 157, 158, 162, 163, 164, 165, 166, 168, 169, 170], "summary": {"covered_lines": 89, "num_statements": 89, "percent_covered": 100.0, "percent_covered_display": "100", "missing_lines": 0, "excluded_lines": 0, "percent_statements_covered": 100.0, "percent_statements_covered_display": "100", "num_branches": 46, "num_partial_branches": 0, "covered_branches": 46, "missing_branches": 0, "percent_branches_covered": 100.0, "percent_branches_covered_display": "100"}, "missing_lines": [], "excluded_lines": [], "executed_branches": [[33, 34], [33, 35], [35, 36], [35, 37], [38, 39], [38, 40], [42, 43], [42, 44], [61, 62], [61, 63], [64, 65], [64, 66], [67, 68], [67, 72], [68, 69], [68, 70], [74, 75], [74, 76], [77, 78], [77, 79], [94, 95], [94, 97], [114, 115], [114, 121], [115, 116], [115, 117], [121, 122], [121, 123], [140, 141], [140, 142], [142, 143], [142, 144], [144, 145], [144, 146], [146, 147], [146, 149], [149, 150], [149, 152], [155, 156], [155, 157], [157, 158], [157, 162], [163, 164], [163, 165], [165, 166], [165, 168]], "missing_branches": [], "functions": {"get_delta_table_version": {"executed_lines": [33, 34, 35, 36, 37, 38, 39, 40, 41, 42, 43, 44], "summary": {"covered_lines": 12, "num_statements": 12, "percent_covered": 100.0, "percent_covered_display": "100", "missing_lines": 0, "excluded_lines": 0, "percent_statements_covered": 100.0, "percent_statements_covered_display": "100", "num_branches": 8, "num_partial_branches": 0, "covered_branches": 8, "missing_branches": 0, "percent_branches_covered": 100.0, "percent_branches_covered_display": "100"}, "missing_lines": [], "excluded_lines": [], "start_line": 30, "executed_branches": [[33, 34], [33, 35], [35, 36], [35, 37], [38, 39], [38, 40], [42, 43], [42, 44]], "missing_branches": []}, "load_dataset_from_spark": {"executed_lines": [61, 62, 63, 64, 65, 66, 67, 68, 69, 70, 72, 73, 74, 75, 76, 77, 78, 79], "summary": {"covered_lines": 18, "num_statements": 18, "percent_covered": 100.0, "percent_covered_display": "100", "missing_lines": 0, "excluded_lines": 0, "percent_statements_covered": 100.0, "percent_statements_covered_display": "100", "num_branches": 12, "num_partial_branches": 0, "covered_branches": 12, "missing_branches": 0, "percent_branches_covered": 100.0, "percent_branches_covered_display": "100"}, "missing_lines": [], "excluded_lines": [], "start_line": 47, "executed_branches": [[61, 62], [61, 63], [64, 65], [64, 66], [67, 68], [67, 72], [68, 69], [68, 70], [74, 75], [74, 76], [77, 78], [77, 79]], "missing_branches": []}, "load_dataset": {"executed_lines": [94, 95, 97, 98], "summary": {"covered_lines": 4, "num_statements": 4, "percent_covered": 100.0, "percent_covered_display": "100", "missing_lines": 0, "excluded_lines": 0, "percent_statements_covered": 100.0, "percent_statements_covered_display": "100", "num_branches": 2, "num_partial_branches": 0, "covered_branches": 2, "missing_branches": 0, "percent_branches_covered": 100.0, "percent_branches_covered_display": "100"}, "missing_lines": [], "excluded_lines": [], "start_line": 86, "executed_branches": [[94, 95], [94, 97]], "missing_branches": []}, "load_dataset_for_runtime": {"executed_lines": [114, 115, 116, 117, 121, 122, 123], "summary": {"covered_lines": 7, "num_statements": 7, "percent_covered": 100.0, "percent_covered_display": "100", "missing_lines": 0, "excluded_lines": 0, "percent_statements_covered": 100.0, "percent_statements_covered_display": "100", "num_branches": 6, "num_partial_branches": 0, "covered_branches": 6, "missing_branches": 0, "percent_branches_covered": 100.0, "percent_branches_covered_display": "100"}, "missing_lines": [], "excluded_lines": [], "start_line": 105, "executed_branches": [[114, 115], [114, 121], [115, 116], [115, 117], [121, 122], [121, 123]], "missing_branches": []}, "load_dataset_frame": {"executed_lines": [139, 140, 141, 142, 143, 144, 145, 146, 147, 148, 149, 150, 152, 155, 156, 157, 158, 162, 163, 164, 165, 166, 168, 169, 170], "summary": {"covered_lines": 25, "num_statements": 25, "percent_covered": 100.0, "percent_covered_display": "100", "missing_lines": 0, "excluded_lines": 0, "percent_statements_covered": 100.0, "percent_statements_covered_display": "100", "num_branches": 18, "num_partial_branches": 0, "covered_branches": 18, "missing_branches": 0, "percent_branches_covered": 100.0, "percent_branches_covered_display": "100"}, "missing_lines": [], "excluded_lines": [], "start_line": 131, "executed_branches": [[140, 141], [140, 142], [142, 143], [142, 144], [144, 145], [144, 146], [146, 147], [146, 149], [149, 150], [149, 152], [155, 156], [155, 157], [157, 158], [157, 162], [163, 164], [163, 165], [165, 166], [165, 168]], "missing_branches": []}, "": {"executed_lines": [3, 5, 6, 7, 9, 10, 11, 13, 14, 17, 18, 21, 22, 23, 24, 25, 26, 27, 30, 47, 86, 105, 131], "summary": {"covered_lines": 23, "num_statements": 23, "percent_covered": 100.0, "percent_covered_display": "100", "missing_lines": 0, "excluded_lines": 0, "percent_statements_covered": 100.0, "percent_statements_covered_display": "100", "num_branches": 0, "num_partial_branches": 0, "covered_branches": 0, "missing_branches": 0, "percent_branches_covered": 100.0, "percent_branches_covered_display": "100"}, "missing_lines": [], "excluded_lines": [], "start_line": 1, "executed_branches": [], "missing_branches": []}}, "classes": {"DatasetBundle": {"executed_lines": [], "summary": {"covered_lines": 0, "num_statements": 0, "percent_covered": 100.0, "percent_covered_display": "100", "missing_lines": 0, "excluded_lines": 0, "percent_statements_covered": 100.0, "percent_statements_covered_display": "100", "num_branches": 0, "num_partial_branches": 0, "covered_branches": 0, "missing_branches": 0, "percent_branches_covered": 100.0, "percent_branches_covered_display": "100"}, "missing_lines": [], "excluded_lines": [], "start_line": 18, "executed_branches": [], "missing_branches": []}, "": {"executed_lines": [3, 5, 6, 7, 9, 10, 11, 13, 14, 17, 18, 21, 22, 23, 24, 25, 26, 27, 30, 33, 34, 35, 36, 37, 38, 39, 40, 41, 42, 43, 44, 47, 61, 62, 63, 64, 65, 66, 67, 68, 69, 70, 72, 73, 74, 75, 76, 77, 78, 79, 86, 94, 95, 97, 98, 105, 114, 115, 116, 117, 121, 122, 123, 131, 139, 140, 141, 142, 143, 144, 145, 146, 147, 148, 149, 150, 152, 155, 156, 157, 158, 162, 163, 164, 165, 166, 168, 169, 170], "summary": {"covered_lines": 89, "num_statements": 89, "percent_covered": 100.0, "percent_covered_display": "100", "missing_lines": 0, "excluded_lines": 0, "percent_statements_covered": 100.0, "percent_statements_covered_display": "100", "num_branches": 46, "num_partial_branches": 0, "covered_branches": 46, "missing_branches": 0, "percent_branches_covered": 100.0, "percent_branches_covered_display": "100"}, "missing_lines": [], "excluded_lines": [], "start_line": 1, "executed_branches": [[33, 34], [33, 35], [35, 36], [35, 37], [38, 39], [38, 40], [42, 43], [42, 44], [61, 62], [61, 63], [64, 65], [64, 66], [67, 68], [67, 72], [68, 69], [68, 70], [74, 75], [74, 76], [77, 78], [77, 79], [94, 95], [94, 97], [114, 115], [114, 121], [115, 116], [115, 117], [121, 122], [121, 123], [140, 141], [140, 142], [142, 143], [142, 144], [144, 145], [144, 146], [146, 147], [146, 149], [149, 150], [149, 152], [155, 156], [155, 157], [157, 158], [157, 162], [163, 164], [163, 165], [165, 166], [165, 168]], "missing_branches": []}}}, "src\\iris_mlflow_utils\\deployment.py": {"executed_lines": [3, 5, 6, 7, 8, 10, 13, 14, 17, 18, 19, 20, 21, 22, 23, 25, 26, 37, 38, 41, 42, 43, 44, 45, 46, 47, 48, 49, 50, 51, 53, 54, 69, 70, 73, 74, 75, 78, 79, 82, 83, 84, 87, 90, 91, 92, 93, 94, 95, 98, 104, 105, 106, 107, 108, 111, 112, 113, 116, 117, 118, 123, 124, 125, 130, 137, 143, 147, 148, 149, 152, 159, 160, 162, 163, 164, 169, 170, 171, 172, 173, 174, 175, 176, 177, 178, 179, 181, 182, 194, 195, 201, 202, 203, 204, 207, 212, 213, 214, 222, 223, 224, 225, 226, 227, 228, 229, 232, 233, 234, 237, 238, 239, 240, 245, 246, 247, 258, 263, 264, 265, 266, 267, 268, 269, 272, 276, 280, 288, 303, 314, 315, 323, 324, 328, 329, 333, 336, 339, 340, 341, 342, 343, 346, 355, 356, 357, 358, 359, 360, 361, 362, 363, 364, 365, 366, 367, 368, 369, 372, 382, 385, 388, 391, 392, 393, 396], "summary": {"covered_lines": 167, "num_statements": 167, "percent_covered": 100.0, "percent_covered_display": "100", "missing_lines": 0, "excluded_lines": 0, "percent_statements_covered": 100.0, "percent_statements_covered_display": "100", "num_branches": 54, "num_partial_branches": 0, "covered_branches": 54, "missing_branches": 0, "percent_branches_covered": 100.0, "percent_branches_covered_display": "100"}, "missing_lines": [], "excluded_lines": [], "executed_branches": [[90, 91], [90, 92], [93, 94], [93, 95], [108, 111], [108, 112], [116, 117], [116, 118], [123, 124], [123, 125], [147, 148], [147, 149], [159, 160], [159, 162], [170, 171], [170, 172], [172, 173], [172, 174], [174, 175], [174, 176], [176, 177], [176, 178], [178, 179], [178, 181], [213, 214], [213, 222], [223, 224], [223, 225], [227, 228], [227, 245], [228, 229], [228, 232], [233, 234], [233, 237], [238, 239], [238, 240], [268, 269], [268, 272], [323, 324], [323, 329], [339, 340], [339, 341], [341, 342], [341, 343], [357, 358], [357, 369], [362, 363], [362, 364], [364, 365], [364, 366], [366, 367], [366, 368], [392, -372], [392, 393]], "missing_branches": [], "functions": {"RuleResult.as_dict": {"executed_lines": [26], "summary": {"covered_lines": 1, "num_statements": 1, "percent_covered": 100.0, "percent_covered_display": "100", "missing_lines": 0, "excluded_lines": 0, "percent_statements_covered": 100.0, "percent_statements_covered_display": "100", "num_branches": 0, "num_partial_branches": 0, "covered_branches": 0, "missing_branches": 0, "percent_branches_covered": 100.0, "percent_branches_covered_display": "100"}, "missing_lines": [], "excluded_lines": [], "start_line": 25, "executed_branches": [], "missing_branches": []}, "PromotionDecision.as_dict": {"executed_lines": [54], "summary": {"covered_lines": 1, "num_statements": 1, "percent_covered": 100.0, "percent_covered_display": "100", "missing_lines": 0, "excluded_lines": 0, "percent_statements_covered": 100.0, "percent_statements_covered_display": "100", "num_branches": 0, "num_partial_branches": 0, "covered_branches": 0, "missing_branches": 0, "percent_branches_covered": 100.0, "percent_branches_covered_display": "100"}, "missing_lines": [], "excluded_lines": [], "start_line": 53, "executed_branches": [], "missing_branches": []}, "_as_dictionary": {"executed_lines": [90, 91, 92, 93, 94, 95], "summary": {"covered_lines": 6, "num_statements": 6, "percent_covered": 100.0, "percent_covered_display": "100", "missing_lines": 0, "excluded_lines": 0, "percent_statements_covered": 100.0, "percent_statements_covered_display": "100", "num_branches": 4, "num_partial_branches": 0, "covered_branches": 4, "missing_branches": 0, "percent_branches_covered": 100.0, "percent_branches_covered_display": "100"}, "missing_lines": [], "excluded_lines": [], "start_line": 87, "executed_branches": [[90, 91], [90, 92], [93, 94], [93, 95]], "missing_branches": []}, "capture_serving_endpoint": {"executed_lines": [104, 105, 106, 107, 108, 111, 112, 113, 116, 117, 118, 123, 124, 125, 130], "summary": {"covered_lines": 15, "num_statements": 15, "percent_covered": 100.0, "percent_covered_display": "100", "missing_lines": 0, "excluded_lines": 0, "percent_statements_covered": 100.0, "percent_statements_covered_display": "100", "num_branches": 6, "num_partial_branches": 0, "covered_branches": 6, "missing_branches": 0, "percent_branches_covered": 100.0, "percent_branches_covered_display": "100"}, "missing_lines": [], "excluded_lines": [], "start_line": 98, "executed_branches": [[108, 111], [108, 112], [116, 117], [116, 118], [123, 124], [123, 125]], "missing_branches": []}, "restore_serving_endpoint": {"executed_lines": [143, 147, 148, 149], "summary": {"covered_lines": 4, "num_statements": 4, "percent_covered": 100.0, "percent_covered_display": "100", "missing_lines": 0, "excluded_lines": 0, "percent_statements_covered": 100.0, "percent_statements_covered_display": "100", "num_branches": 2, "num_partial_branches": 0, "covered_branches": 2, "missing_branches": 0, "percent_branches_covered": 100.0, "percent_branches_covered_display": "100"}, "missing_lines": [], "excluded_lines": [], "start_line": 137, "executed_branches": [[147, 148], [147, 149]], "missing_branches": []}, "evaluate_promotion_gate": {"executed_lines": [159, 160, 162, 163, 164, 169, 170, 171, 172, 173, 174, 175, 176, 177, 178, 179, 181, 182], "summary": {"covered_lines": 18, "num_statements": 18, "percent_covered": 100.0, "percent_covered_display": "100", "missing_lines": 0, "excluded_lines": 0, "percent_statements_covered": 100.0, "percent_statements_covered_display": "100", "num_branches": 12, "num_partial_branches": 0, "covered_branches": 12, "missing_branches": 0, "percent_branches_covered": 100.0, "percent_branches_covered_display": "100"}, "missing_lines": [], "excluded_lines": [], "start_line": 152, "executed_branches": [[159, 160], [159, 162], [170, 171], [170, 172], [172, 173], [172, 174], [174, 175], [174, 176], [176, 177], [176, 178], [178, 179], [178, 181]], "missing_branches": []}, "_compare": {"executed_lines": [195, 201, 202, 203, 204], "summary": {"covered_lines": 5, "num_statements": 5, "percent_covered": 100.0, "percent_covered_display": "100", "missing_lines": 0, "excluded_lines": 0, "percent_statements_covered": 100.0, "percent_statements_covered_display": "100", "num_branches": 0, "num_partial_branches": 0, "covered_branches": 0, "missing_branches": 0, "percent_branches_covered": 100.0, "percent_branches_covered_display": "100"}, "missing_lines": [], "excluded_lines": [], "start_line": 194, "executed_branches": [], "missing_branches": []}, "_evaluate_rule": {"executed_lines": [212, 213, 214, 222, 223, 224, 225, 226, 227, 228, 229, 232, 233, 234, 237, 238, 239, 240, 245, 246, 247], "summary": {"covered_lines": 21, "num_statements": 21, "percent_covered": 100.0, "percent_covered_display": "100", "missing_lines": 0, "excluded_lines": 0, "percent_statements_covered": 100.0, "percent_statements_covered_display": "100", "num_branches": 12, "num_partial_branches": 0, "covered_branches": 12, "missing_branches": 0, "percent_branches_covered": 100.0, "percent_branches_covered_display": "100"}, "missing_lines": [], "excluded_lines": [], "start_line": 207, "executed_branches": [[213, 214], [213, 222], [223, 224], [223, 225], [227, 228], [227, 245], [228, 229], [228, 232], [233, 234], [233, 237], [238, 239], [238, 240]], "missing_branches": []}, "_evaluate_policy": {"executed_lines": [263, 264, 265, 266, 267, 268, 269, 272, 276, 280, 288], "summary": {"covered_lines": 11, "num_statements": 11, "percent_covered": 100.0, "percent_covered_display": "100", "missing_lines": 0, "excluded_lines": 0, "percent_statements_covered": 100.0, "percent_statements_covered_display": "100", "num_branches": 2, "num_partial_branches": 0, "covered_branches": 2, "missing_branches": 0, "percent_branches_covered": 100.0, "percent_branches_covered_display": "100"}, "missing_lines": [], "excluded_lines": [], "start_line": 258, "executed_branches": [[268, 269], [268, 272]], "missing_branches": []}, "upsert_serving_endpoint": {"executed_lines": [314, 315, 323, 324, 328, 329, 333], "summary": {"covered_lines": 7, "num_statements": 7, "percent_covered": 100.0, "percent_covered_display": "100", "missing_lines": 0, "excluded_lines": 0, "percent_statements_covered": 100.0, "percent_statements_covered_display": "100", "num_branches": 2, "num_partial_branches": 0, "covered_branches": 2, "missing_branches": 0, "percent_branches_covered": 100.0, "percent_branches_covered_display": "100"}, "missing_lines": [], "excluded_lines": [], "start_line": 303, "executed_branches": [[323, 324], [323, 329]], "missing_branches": []}, "rollback_serving_endpoint": {"executed_lines": [339, 340, 341, 342, 343], "summary": {"covered_lines": 5, "num_statements": 5, "percent_covered": 100.0, "percent_covered_display": "100", "missing_lines": 0, "excluded_lines": 0, "percent_statements_covered": 100.0, "percent_statements_covered_display": "100", "num_branches": 4, "num_partial_branches": 0, "covered_branches": 4, "missing_branches": 0, "percent_branches_covered": 100.0, "percent_branches_covered_display": "100"}, "missing_lines": [], "excluded_lines": [], "start_line": 336, "executed_branches": [[339, 340], [339, 341], [341, 342], [341, 343]], "missing_branches": []}, "wait_for_endpoint_ready": {"executed_lines": [355, 356, 357, 358, 359, 360, 361, 362, 363, 364, 365, 366, 367, 368, 369], "summary": {"covered_lines": 15, "num_statements": 15, "percent_covered": 100.0, "percent_covered_display": "100", "missing_lines": 0, "excluded_lines": 0, "percent_statements_covered": 100.0, "percent_statements_covered_display": "100", "num_branches": 8, "num_partial_branches": 0, "covered_branches": 8, "missing_branches": 0, "percent_branches_covered": 100.0, "percent_branches_covered_display": "100"}, "missing_lines": [], "excluded_lines": [], "start_line": 346, "executed_branches": [[357, 358], [357, 369], [362, 363], [362, 364], [364, 365], [364, 366], [366, 367], [366, 368]], "missing_branches": []}, "promote_champion": {"executed_lines": [382, 385, 388, 391, 392, 393, 396], "summary": {"covered_lines": 7, "num_statements": 7, "percent_covered": 100.0, "percent_covered_display": "100", "missing_lines": 0, "excluded_lines": 0, "percent_statements_covered": 100.0, "percent_statements_covered_display": "100", "num_branches": 2, "num_partial_branches": 0, "covered_branches": 2, "missing_branches": 0, "percent_branches_covered": 100.0, "percent_branches_covered_display": "100"}, "missing_lines": [], "excluded_lines": [], "start_line": 372, "executed_branches": [[392, -372], [392, 393]], "missing_branches": []}, "": {"executed_lines": [3, 5, 6, 7, 8, 10, 13, 14, 17, 18, 19, 20, 21, 22, 23, 25, 37, 38, 41, 42, 43, 44, 45, 46, 47, 48, 49, 50, 51, 53, 69, 70, 73, 74, 75, 78, 79, 82, 83, 84, 87, 98, 137, 152, 194, 207, 258, 303, 336, 346, 372], "summary": {"covered_lines": 51, "num_statements": 51, "percent_covered": 100.0, "percent_covered_display": "100", "missing_lines": 0, "excluded_lines": 0, "percent_statements_covered": 100.0, "percent_statements_covered_display": "100", "num_branches": 0, "num_partial_branches": 0, "covered_branches": 0, "missing_branches": 0, "percent_branches_covered": 100.0, "percent_branches_covered_display": "100"}, "missing_lines": [], "excluded_lines": [], "start_line": 1, "executed_branches": [], "missing_branches": []}}, "classes": {"RuleResult": {"executed_lines": [26], "summary": {"covered_lines": 1, "num_statements": 1, "percent_covered": 100.0, "percent_covered_display": "100", "missing_lines": 0, "excluded_lines": 0, "percent_statements_covered": 100.0, "percent_statements_covered_display": "100", "num_branches": 0, "num_partial_branches": 0, "covered_branches": 0, "missing_branches": 0, "percent_branches_covered": 100.0, "percent_branches_covered_display": "100"}, "missing_lines": [], "excluded_lines": [], "start_line": 14, "executed_branches": [], "missing_branches": []}, "PromotionDecision": {"executed_lines": [54], "summary": {"covered_lines": 1, "num_statements": 1, "percent_covered": 100.0, "percent_covered_display": "100", "missing_lines": 0, "excluded_lines": 0, "percent_statements_covered": 100.0, "percent_statements_covered_display": "100", "num_branches": 0, "num_partial_branches": 0, "covered_branches": 0, "missing_branches": 0, "percent_branches_covered": 100.0, "percent_branches_covered_display": "100"}, "missing_lines": [], "excluded_lines": [], "start_line": 38, "executed_branches": [], "missing_branches": []}, "ServingEndpointSnapshot": {"executed_lines": [], "summary": {"covered_lines": 0, "num_statements": 0, "percent_covered": 100.0, "percent_covered_display": "100", "missing_lines": 0, "excluded_lines": 0, "percent_statements_covered": 100.0, "percent_statements_covered_display": "100", "num_branches": 0, "num_partial_branches": 0, "covered_branches": 0, "missing_branches": 0, "percent_branches_covered": 100.0, "percent_branches_covered_display": "100"}, "missing_lines": [], "excluded_lines": [], "start_line": 70, "executed_branches": [], "missing_branches": []}, "ServingEndpointChange": {"executed_lines": [], "summary": {"covered_lines": 0, "num_statements": 0, "percent_covered": 100.0, "percent_covered_display": "100", "missing_lines": 0, "excluded_lines": 0, "percent_statements_covered": 100.0, "percent_statements_covered_display": "100", "num_branches": 0, "num_partial_branches": 0, "covered_branches": 0, "missing_branches": 0, "percent_branches_covered": 100.0, "percent_branches_covered_display": "100"}, "missing_lines": [], "excluded_lines": [], "start_line": 79, "executed_branches": [], "missing_branches": []}, "": {"executed_lines": [3, 5, 6, 7, 8, 10, 13, 14, 17, 18, 19, 20, 21, 22, 23, 25, 37, 38, 41, 42, 43, 44, 45, 46, 47, 48, 49, 50, 51, 53, 69, 70, 73, 74, 75, 78, 79, 82, 83, 84, 87, 90, 91, 92, 93, 94, 95, 98, 104, 105, 106, 107, 108, 111, 112, 113, 116, 117, 118, 123, 124, 125, 130, 137, 143, 147, 148, 149, 152, 159, 160, 162, 163, 164, 169, 170, 171, 172, 173, 174, 175, 176, 177, 178, 179, 181, 182, 194, 195, 201, 202, 203, 204, 207, 212, 213, 214, 222, 223, 224, 225, 226, 227, 228, 229, 232, 233, 234, 237, 238, 239, 240, 245, 246, 247, 258, 263, 264, 265, 266, 267, 268, 269, 272, 276, 280, 288, 303, 314, 315, 323, 324, 328, 329, 333, 336, 339, 340, 341, 342, 343, 346, 355, 356, 357, 358, 359, 360, 361, 362, 363, 364, 365, 366, 367, 368, 369, 372, 382, 385, 388, 391, 392, 393, 396], "summary": {"covered_lines": 165, "num_statements": 165, "percent_covered": 100.0, "percent_covered_display": "100", "missing_lines": 0, "excluded_lines": 0, "percent_statements_covered": 100.0, "percent_statements_covered_display": "100", "num_branches": 54, "num_partial_branches": 0, "covered_branches": 54, "missing_branches": 0, "percent_branches_covered": 100.0, "percent_branches_covered_display": "100"}, "missing_lines": [], "excluded_lines": [], "start_line": 1, "executed_branches": [[90, 91], [90, 92], [93, 94], [93, 95], [108, 111], [108, 112], [116, 117], [116, 118], [123, 124], [123, 125], [147, 148], [147, 149], [159, 160], [159, 162], [170, 171], [170, 172], [172, 173], [172, 174], [174, 175], [174, 176], [176, 177], [176, 178], [178, 179], [178, 181], [213, 214], [213, 222], [223, 224], [223, 225], [227, 228], [227, 245], [228, 229], [228, 232], [233, 234], [233, 237], [238, 239], [238, 240], [268, 269], [268, 272], [323, 324], [323, 329], [339, 340], [339, 341], [341, 342], [341, 343], [357, 358], [357, 369], [362, 363], [362, 364], [364, 365], [364, 366], [366, 367], [366, 368], [392, -372], [392, 393]], "missing_branches": []}}}, "src\\iris_mlflow_utils\\evaluation.py": {"executed_lines": [3, 5, 6, 7, 9, 11, 12, 13, 14, 15, 16, 27, 28, 31, 32, 35, 36, 37, 38, 39, 42, 43, 46, 47, 50, 63, 64, 65, 66, 67, 68, 69, 70, 73, 74, 75, 76, 77, 78, 79, 80, 81, 82, 83, 84, 85, 86, 87, 90, 95, 96, 97, 98, 99, 100, 103, 106, 115, 126, 136, 137, 143, 146, 153, 163, 176, 179, 190, 191, 192, 193, 194, 209, 212, 215, 216, 217, 218, 219, 220, 221, 222, 223, 226, 242, 243, 244, 245, 254, 255, 256, 257, 266, 267, 268, 269, 270, 271, 272, 273, 274, 276, 277, 278, 279, 280, 281, 282, 283, 286, 287, 288, 291, 292, 293, 296, 297, 298, 299, 300, 301, 303, 304, 305, 306, 307, 309, 310, 315, 316, 317, 318, 319, 320, 321, 322, 323, 325, 326, 327, 330, 331, 332, 333, 334, 335, 336, 337, 339, 340, 341, 342, 343, 344, 345, 346, 347, 348, 349, 350, 354, 355, 356, 357, 358, 359, 360, 361, 362, 363, 364, 365, 366, 367, 368, 369, 370, 371, 372, 373, 374, 375, 376, 377, 378, 380, 381, 382, 385, 386, 387, 388, 389, 391, 392, 393, 394, 395, 398, 399, 400, 401, 402, 403, 404, 405, 406, 407, 408, 409, 410, 413, 418, 419, 420, 421, 422, 423, 424, 425, 426, 427, 428, 429, 432], "summary": {"covered_lines": 225, "num_statements": 225, "percent_covered": 100.0, "percent_covered_display": "100", "missing_lines": 0, "excluded_lines": 0, "percent_statements_covered": 100.0, "percent_statements_covered_display": "100", "num_branches": 40, "num_partial_branches": 0, "covered_branches": 40, "missing_branches": 0, "percent_branches_covered": 100.0, "percent_branches_covered_display": "100"}, "missing_lines": [], "excluded_lines": [], "executed_branches": [[63, 64], [63, 65], [67, 68], [67, 76], [78, 79], [78, 87], [98, 99], [98, 100], [191, 192], [191, 209], [192, 191], [192, 193], [245, 254], [245, 276], [266, 267], [266, 270], [267, 266], [267, 268], [277, 278], [277, 279], [282, 283], [282, 288], [305, 306], [305, 307], [326, 327], [326, 331], [350, 354], [350, 365], [355, 356], [355, 358], [392, 393], [392, 394], [394, 395], [394, 410], [418, 419], [418, 420], [426, 427], [426, 432], [428, 426], [428, 429]], "missing_branches": [], "functions": {"cross_validate_classifier": {"executed_lines": [63, 64, 65, 66, 67, 68, 69, 70, 73, 74, 75, 76, 77, 78, 79, 80, 81, 82, 83, 84, 85, 86, 87], "summary": {"covered_lines": 23, "num_statements": 23, "percent_covered": 100.0, "percent_covered_display": "100", "missing_lines": 0, "excluded_lines": 0, "percent_statements_covered": 100.0, "percent_statements_covered_display": "100", "num_branches": 6, "num_partial_branches": 0, "covered_branches": 6, "missing_branches": 0, "percent_branches_covered": 100.0, "percent_branches_covered_display": "100"}, "missing_lines": [], "excluded_lines": [], "start_line": 50, "executed_branches": [[63, 64], [63, 65], [67, 68], [67, 76], [78, 79], [78, 87]], "missing_branches": []}, "evaluate_model": {"executed_lines": [95, 96, 97, 98, 99, 100, 103, 106, 115], "summary": {"covered_lines": 9, "num_statements": 9, "percent_covered": 100.0, "percent_covered_display": "100", "missing_lines": 0, "excluded_lines": 0, "percent_statements_covered": 100.0, "percent_statements_covered_display": "100", "num_branches": 2, "num_partial_branches": 0, "covered_branches": 2, "missing_branches": 0, "percent_branches_covered": 100.0, "percent_branches_covered_display": "100"}, "missing_lines": [], "excluded_lines": [], "start_line": 90, "executed_branches": [[98, 99], [98, 100]], "missing_branches": []}, "evaluate_train_test": {"executed_lines": [136, 137], "summary": {"covered_lines": 2, "num_statements": 2, "percent_covered": 100.0, "percent_covered_display": "100", "missing_lines": 0, "excluded_lines": 0, "percent_statements_covered": 100.0, "percent_statements_covered_display": "100", "num_branches": 0, "num_partial_branches": 0, "covered_branches": 0, "missing_branches": 0, "percent_branches_covered": 100.0, "percent_branches_covered_display": "100"}, "missing_lines": [], "excluded_lines": [], "start_line": 126, "executed_branches": [], "missing_branches": []}, "flatten_metrics": {"executed_lines": [146], "summary": {"covered_lines": 1, "num_statements": 1, "percent_covered": 100.0, "percent_covered_display": "100", "missing_lines": 0, "excluded_lines": 0, "percent_statements_covered": 100.0, "percent_statements_covered_display": "100", "num_branches": 0, "num_partial_branches": 0, "covered_branches": 0, "missing_branches": 0, "percent_branches_covered": 100.0, "percent_branches_covered_display": "100"}, "missing_lines": [], "excluded_lines": [], "start_line": 143, "executed_branches": [], "missing_branches": []}, "build_metrics_summary_table": {"executed_lines": [163, 176], "summary": {"covered_lines": 2, "num_statements": 2, "percent_covered": 100.0, "percent_covered_display": "100", "missing_lines": 0, "excluded_lines": 0, "percent_statements_covered": 100.0, "percent_statements_covered_display": "100", "num_branches": 0, "num_partial_branches": 0, "covered_branches": 0, "missing_branches": 0, "percent_branches_covered": 100.0, "percent_branches_covered_display": "100"}, "missing_lines": [], "excluded_lines": [], "start_line": 153, "executed_branches": [], "missing_branches": []}, "build_classification_table": {"executed_lines": [190, 191, 192, 193, 194, 209], "summary": {"covered_lines": 6, "num_statements": 6, "percent_covered": 100.0, "percent_covered_display": "100", "missing_lines": 0, "excluded_lines": 0, "percent_statements_covered": 100.0, "percent_statements_covered_display": "100", "num_branches": 4, "num_partial_branches": 0, "covered_branches": 4, "missing_branches": 0, "percent_branches_covered": 100.0, "percent_branches_covered_display": "100"}, "missing_lines": [], "excluded_lines": [], "start_line": 179, "executed_branches": [[191, 192], [191, 209], [192, 191], [192, 193]], "missing_branches": []}, "_lift_frame": {"executed_lines": [215, 216, 217, 218, 219, 220, 221, 222, 223], "summary": {"covered_lines": 9, "num_statements": 9, "percent_covered": 100.0, "percent_covered_display": "100", "missing_lines": 0, "excluded_lines": 0, "percent_statements_covered": 100.0, "percent_statements_covered_display": "100", "num_branches": 0, "num_partial_branches": 0, "covered_branches": 0, "missing_branches": 0, "percent_branches_covered": 100.0, "percent_branches_covered_display": "100"}, "missing_lines": [], "excluded_lines": [], "start_line": 212, "executed_branches": [], "missing_branches": []}, "build_evaluation_artifacts": {"executed_lines": [242, 243, 244, 245, 254, 255, 256, 257, 266, 267, 268, 269, 270, 271, 272, 273, 274, 276, 277, 278, 279, 280, 281, 282, 283, 286, 287, 288, 291, 292, 293, 296, 297, 298, 299, 300, 301, 303, 304, 305, 306, 307, 309, 310, 315, 316, 317, 318, 319, 320, 321, 322, 323, 325, 326, 327, 330, 331, 332, 333, 334, 335, 336, 337, 339, 340, 341, 342, 343, 344, 345, 346, 347, 348, 349, 350, 354, 355, 356, 357, 358, 359, 360, 361, 362, 363, 364, 365, 366, 367, 368, 369, 370, 371, 372, 373, 374, 375, 376, 377, 378, 380, 381, 382, 385, 386, 387, 388, 389, 391, 392, 393, 394, 395, 398, 399, 400, 401, 402, 403, 404, 405, 406, 407, 408, 409, 410], "summary": {"covered_lines": 127, "num_statements": 127, "percent_covered": 100.0, "percent_covered_display": "100", "missing_lines": 0, "excluded_lines": 0, "percent_statements_covered": 100.0, "percent_statements_covered_display": "100", "num_branches": 22, "num_partial_branches": 0, "covered_branches": 22, "missing_branches": 0, "percent_branches_covered": 100.0, "percent_branches_covered_display": "100"}, "missing_lines": [], "excluded_lines": [], "start_line": 226, "executed_branches": [[245, 254], [245, 276], [266, 267], [266, 270], [267, 266], [267, 268], [277, 278], [277, 279], [282, 283], [282, 288], [305, 306], [305, 307], [326, 327], [326, 331], [350, 354], [350, 365], [355, 356], [355, 358], [392, 393], [392, 394], [394, 395], [394, 410]], "missing_branches": []}, "build_probability_metrics": {"executed_lines": [418, 419, 420, 421, 422, 423, 424, 425, 426, 427, 428, 429, 432], "summary": {"covered_lines": 13, "num_statements": 13, "percent_covered": 100.0, "percent_covered_display": "100", "missing_lines": 0, "excluded_lines": 0, "percent_statements_covered": 100.0, "percent_statements_covered_display": "100", "num_branches": 6, "num_partial_branches": 0, "covered_branches": 6, "missing_branches": 0, "percent_branches_covered": 100.0, "percent_branches_covered_display": "100"}, "missing_lines": [], "excluded_lines": [], "start_line": 413, "executed_branches": [[418, 419], [418, 420], [426, 427], [426, 432], [428, 426], [428, 429]], "missing_branches": []}, "": {"executed_lines": [3, 5, 6, 7, 9, 11, 12, 13, 14, 15, 16, 27, 28, 31, 32, 35, 36, 37, 38, 39, 42, 43, 46, 47, 50, 90, 126, 143, 153, 179, 212, 226, 413], "summary": {"covered_lines": 33, "num_statements": 33, "percent_covered": 100.0, "percent_covered_display": "100", "missing_lines": 0, "excluded_lines": 0, "percent_statements_covered": 100.0, "percent_statements_covered_display": "100", "num_branches": 0, "num_partial_branches": 0, "covered_branches": 0, "missing_branches": 0, "percent_branches_covered": 100.0, "percent_branches_covered_display": "100"}, "missing_lines": [], "excluded_lines": [], "start_line": 1, "executed_branches": [], "missing_branches": []}}, "classes": {"EvaluationResult": {"executed_lines": [], "summary": {"covered_lines": 0, "num_statements": 0, "percent_covered": 100.0, "percent_covered_display": "100", "missing_lines": 0, "excluded_lines": 0, "percent_statements_covered": 100.0, "percent_statements_covered_display": "100", "num_branches": 0, "num_partial_branches": 0, "covered_branches": 0, "missing_branches": 0, "percent_branches_covered": 100.0, "percent_branches_covered_display": "100"}, "missing_lines": [], "excluded_lines": [], "start_line": 32, "executed_branches": [], "missing_branches": []}, "CrossValidationSummary": {"executed_lines": [], "summary": {"covered_lines": 0, "num_statements": 0, "percent_covered": 100.0, "percent_covered_display": "100", "missing_lines": 0, "excluded_lines": 0, "percent_statements_covered": 100.0, "percent_statements_covered_display": "100", "num_branches": 0, "num_partial_branches": 0, "covered_branches": 0, "missing_branches": 0, "percent_branches_covered": 100.0, "percent_branches_covered_display": "100"}, "missing_lines": [], "excluded_lines": [], "start_line": 43, "executed_branches": [], "missing_branches": []}, "": {"executed_lines": [3, 5, 6, 7, 9, 11, 12, 13, 14, 15, 16, 27, 28, 31, 32, 35, 36, 37, 38, 39, 42, 43, 46, 47, 50, 63, 64, 65, 66, 67, 68, 69, 70, 73, 74, 75, 76, 77, 78, 79, 80, 81, 82, 83, 84, 85, 86, 87, 90, 95, 96, 97, 98, 99, 100, 103, 106, 115, 126, 136, 137, 143, 146, 153, 163, 176, 179, 190, 191, 192, 193, 194, 209, 212, 215, 216, 217, 218, 219, 220, 221, 222, 223, 226, 242, 243, 244, 245, 254, 255, 256, 257, 266, 267, 268, 269, 270, 271, 272, 273, 274, 276, 277, 278, 279, 280, 281, 282, 283, 286, 287, 288, 291, 292, 293, 296, 297, 298, 299, 300, 301, 303, 304, 305, 306, 307, 309, 310, 315, 316, 317, 318, 319, 320, 321, 322, 323, 325, 326, 327, 330, 331, 332, 333, 334, 335, 336, 337, 339, 340, 341, 342, 343, 344, 345, 346, 347, 348, 349, 350, 354, 355, 356, 357, 358, 359, 360, 361, 362, 363, 364, 365, 366, 367, 368, 369, 370, 371, 372, 373, 374, 375, 376, 377, 378, 380, 381, 382, 385, 386, 387, 388, 389, 391, 392, 393, 394, 395, 398, 399, 400, 401, 402, 403, 404, 405, 406, 407, 408, 409, 410, 413, 418, 419, 420, 421, 422, 423, 424, 425, 426, 427, 428, 429, 432], "summary": {"covered_lines": 225, "num_statements": 225, "percent_covered": 100.0, "percent_covered_display": "100", "missing_lines": 0, "excluded_lines": 0, "percent_statements_covered": 100.0, "percent_statements_covered_display": "100", "num_branches": 40, "num_partial_branches": 0, "covered_branches": 40, "missing_branches": 0, "percent_branches_covered": 100.0, "percent_branches_covered_display": "100"}, "missing_lines": [], "excluded_lines": [], "start_line": 1, "executed_branches": [[63, 64], [63, 65], [67, 68], [67, 76], [78, 79], [78, 87], [98, 99], [98, 100], [191, 192], [191, 209], [192, 191], [192, 193], [245, 254], [245, 276], [266, 267], [266, 270], [267, 266], [267, 268], [277, 278], [277, 279], [282, 283], [282, 288], [305, 306], [305, 307], [326, 327], [326, 331], [350, 354], [350, 365], [355, 356], [355, 358], [392, 393], [392, 394], [394, 395], [394, 410], [418, 419], [418, 420], [426, 427], [426, 432], [428, 426], [428, 429]], "missing_branches": []}}}, "src\\iris_mlflow_utils\\feature_table.py": {"executed_lines": [3, 5, 6, 7, 9, 11, 14, 27, 28, 29, 30, 31, 32, 33, 35, 40, 41, 42, 45, 46, 54, 55, 56, 61, 62, 63, 65, 66, 67, 68, 69, 70, 73, 74, 75, 80, 81, 82, 83, 84, 86, 87, 88, 89, 90, 95, 96, 97, 100, 107, 108, 109, 110, 111, 114, 115, 121, 122, 123, 124, 127, 130, 131], "summary": {"covered_lines": 63, "num_statements": 63, "percent_covered": 100.0, "percent_covered_display": "100", "missing_lines": 0, "excluded_lines": 0, "percent_statements_covered": 100.0, "percent_statements_covered_display": "100", "num_branches": 24, "num_partial_branches": 0, "covered_branches": 24, "missing_branches": 0, "percent_branches_covered": 100.0, "percent_branches_covered_display": "100"}, "missing_lines": [], "excluded_lines": [], "executed_branches": [[29, 30], [29, 35], [41, 42], [41, 45], [62, 63], [62, 65], [74, -73], [74, 75], [83, 84], [83, 86], [87, 88], [87, 95], [89, 87], [89, 90], [95, 96], [95, 97], [100, 107], [100, 108], [108, 109], [108, 110], [110, -80], [110, 111], [121, 122], [121, 123]], "missing_branches": [], "functions": {"ensure_feature_table": {"executed_lines": [27, 28, 29, 30, 31, 32, 33, 35, 40, 41, 42, 45, 46, 54, 55, 56, 61, 62, 63, 65, 66, 67, 68, 69, 70], "summary": {"covered_lines": 25, "num_statements": 25, "percent_covered": 100.0, "percent_covered_display": "100", "missing_lines": 0, "excluded_lines": 0, "percent_statements_covered": 100.0, "percent_statements_covered_display": "100", "num_branches": 6, "num_partial_branches": 0, "covered_branches": 6, "missing_branches": 0, "percent_branches_covered": 100.0, "percent_branches_covered_display": "100"}, "missing_lines": [], "excluded_lines": [], "start_line": 14, "executed_branches": [[29, 30], [29, 35], [41, 42], [41, 45], [62, 63], [62, 65]], "missing_branches": []}, "_validate_table_name": {"executed_lines": [74, 75], "summary": {"covered_lines": 2, "num_statements": 2, "percent_covered": 100.0, "percent_covered_display": "100", "missing_lines": 0, "excluded_lines": 0, "percent_statements_covered": 100.0, "percent_statements_covered_display": "100", "num_branches": 2, "num_partial_branches": 0, "covered_branches": 2, "missing_branches": 0, "percent_branches_covered": 100.0, "percent_branches_covered_display": "100"}, "missing_lines": [], "excluded_lines": [], "start_line": 73, "executed_branches": [[74, -73], [74, 75]], "missing_branches": []}, "_validate_feature_dataframe": {"executed_lines": [81, 82, 83, 84, 86, 87, 88, 89, 90, 95, 96, 97, 100, 107, 108, 109, 110, 111], "summary": {"covered_lines": 18, "num_statements": 18, "percent_covered": 100.0, "percent_covered_display": "100", "missing_lines": 0, "excluded_lines": 0, "percent_statements_covered": 100.0, "percent_statements_covered_display": "100", "num_branches": 14, "num_partial_branches": 0, "covered_branches": 14, "missing_branches": 0, "percent_branches_covered": 100.0, "percent_branches_covered_display": "100"}, "missing_lines": [], "excluded_lines": [], "start_line": 80, "executed_branches": [[83, 84], [83, 86], [87, 88], [87, 95], [89, 87], [89, 90], [95, 96], [95, 97], [100, 107], [100, 108], [108, 109], [108, 110], [110, -80], [110, 111]], "missing_branches": []}, "_ensure_primary_key": {"executed_lines": [115, 121, 122, 123, 124, 127, 130, 131], "summary": {"covered_lines": 8, "num_statements": 8, "percent_covered": 100.0, "percent_covered_display": "100", "missing_lines": 0, "excluded_lines": 0, "percent_statements_covered": 100.0, "percent_statements_covered_display": "100", "num_branches": 2, "num_partial_branches": 0, "covered_branches": 2, "missing_branches": 0, "percent_branches_covered": 100.0, "percent_branches_covered_display": "100"}, "missing_lines": [], "excluded_lines": [], "start_line": 114, "executed_branches": [[121, 122], [121, 123]], "missing_branches": []}, "": {"executed_lines": [3, 5, 6, 7, 9, 11, 14, 73, 80, 114], "summary": {"covered_lines": 10, "num_statements": 10, "percent_covered": 100.0, "percent_covered_display": "100", "missing_lines": 0, "excluded_lines": 0, "percent_statements_covered": 100.0, "percent_statements_covered_display": "100", "num_branches": 0, "num_partial_branches": 0, "covered_branches": 0, "missing_branches": 0, "percent_branches_covered": 100.0, "percent_branches_covered_display": "100"}, "missing_lines": [], "excluded_lines": [], "start_line": 1, "executed_branches": [], "missing_branches": []}}, "classes": {"": {"executed_lines": [3, 5, 6, 7, 9, 11, 14, 27, 28, 29, 30, 31, 32, 33, 35, 40, 41, 42, 45, 46, 54, 55, 56, 61, 62, 63, 65, 66, 67, 68, 69, 70, 73, 74, 75, 80, 81, 82, 83, 84, 86, 87, 88, 89, 90, 95, 96, 97, 100, 107, 108, 109, 110, 111, 114, 115, 121, 122, 123, 124, 127, 130, 131], "summary": {"covered_lines": 63, "num_statements": 63, "percent_covered": 100.0, "percent_covered_display": "100", "missing_lines": 0, "excluded_lines": 0, "percent_statements_covered": 100.0, "percent_statements_covered_display": "100", "num_branches": 24, "num_partial_branches": 0, "covered_branches": 24, "missing_branches": 0, "percent_branches_covered": 100.0, "percent_branches_covered_display": "100"}, "missing_lines": [], "excluded_lines": [], "start_line": 1, "executed_branches": [[29, 30], [29, 35], [41, 42], [41, 45], [62, 63], [62, 65], [74, -73], [74, 75], [83, 84], [83, 86], [87, 88], [87, 95], [89, 87], [89, 90], [95, 96], [95, 97], [100, 107], [100, 108], [108, 109], [108, 110], [110, -80], [110, 111], [121, 122], [121, 123]], "missing_branches": []}}}, "src\\iris_mlflow_utils\\local_deployment.py": {"executed_lines": [3, 5, 6, 7, 8, 10, 13, 16, 17, 18, 21, 30, 31, 34, 37, 48, 49, 50, 51, 54, 55, 56, 63, 66, 82, 83], "summary": {"covered_lines": 26, "num_statements": 26, "percent_covered": 100.0, "percent_covered_display": "100", "missing_lines": 0, "excluded_lines": 0, "percent_statements_covered": 100.0, "percent_statements_covered_display": "100", "num_branches": 2, "num_partial_branches": 0, "covered_branches": 2, "missing_branches": 0, "percent_branches_covered": 100.0, "percent_branches_covered_display": "100"}, "missing_lines": [], "excluded_lines": [], "executed_branches": [[48, 49], [48, 50]], "missing_branches": [], "functions": {"write_manifest": {"executed_lines": [16, 17, 18], "summary": {"covered_lines": 3, "num_statements": 3, "percent_covered": 100.0, "percent_covered_display": "100", "missing_lines": 0, "excluded_lines": 0, "percent_statements_covered": 100.0, "percent_statements_covered_display": "100", "num_branches": 0, "num_partial_branches": 0, "covered_branches": 0, "missing_branches": 0, "percent_branches_covered": 100.0, "percent_branches_covered_display": "100"}, "missing_lines": [], "excluded_lines": [], "start_line": 13, "executed_branches": [], "missing_branches": []}, "approve_locally": {"executed_lines": [30, 31, 34], "summary": {"covered_lines": 3, "num_statements": 3, "percent_covered": 100.0, "percent_covered_display": "100", "missing_lines": 0, "excluded_lines": 0, "percent_statements_covered": 100.0, "percent_statements_covered_display": "100", "num_branches": 0, "num_partial_branches": 0, "covered_branches": 0, "missing_branches": 0, "percent_branches_covered": 100.0, "percent_branches_covered_display": "100"}, "missing_lines": [], "excluded_lines": [], "start_line": 21, "executed_branches": [], "missing_branches": []}, "simulate_local_deployment": {"executed_lines": [48, 49, 50, 51, 54, 55, 56, 63, 66, 82, 83], "summary": {"covered_lines": 11, "num_statements": 11, "percent_covered": 100.0, "percent_covered_display": "100", "missing_lines": 0, "excluded_lines": 0, "percent_statements_covered": 100.0, "percent_statements_covered_display": "100", "num_branches": 2, "num_partial_branches": 0, "covered_branches": 2, "missing_branches": 0, "percent_branches_covered": 100.0, "percent_branches_covered_display": "100"}, "missing_lines": [], "excluded_lines": [], "start_line": 37, "executed_branches": [[48, 49], [48, 50]], "missing_branches": []}, "": {"executed_lines": [3, 5, 6, 7, 8, 10, 13, 21, 37], "summary": {"covered_lines": 9, "num_statements": 9, "percent_covered": 100.0, "percent_covered_display": "100", "missing_lines": 0, "excluded_lines": 0, "percent_statements_covered": 100.0, "percent_statements_covered_display": "100", "num_branches": 0, "num_partial_branches": 0, "covered_branches": 0, "missing_branches": 0, "percent_branches_covered": 100.0, "percent_branches_covered_display": "100"}, "missing_lines": [], "excluded_lines": [], "start_line": 1, "executed_branches": [], "missing_branches": []}}, "classes": {"": {"executed_lines": [3, 5, 6, 7, 8, 10, 13, 16, 17, 18, 21, 30, 31, 34, 37, 48, 49, 50, 51, 54, 55, 56, 63, 66, 82, 83], "summary": {"covered_lines": 26, "num_statements": 26, "percent_covered": 100.0, "percent_covered_display": "100", "missing_lines": 0, "excluded_lines": 0, "percent_statements_covered": 100.0, "percent_statements_covered_display": "100", "num_branches": 2, "num_partial_branches": 0, "covered_branches": 2, "missing_branches": 0, "percent_branches_covered": 100.0, "percent_branches_covered_display": "100"}, "missing_lines": [], "excluded_lines": [], "start_line": 1, "executed_branches": [[48, 49], [48, 50]], "missing_branches": []}}}, "src\\iris_mlflow_utils\\monitoring.py": {"executed_lines": [3, 5, 6, 7, 8, 9, 10, 11, 14, 15, 18, 19, 20, 21, 22, 24, 25, 26, 27, 28, 29, 30, 33, 34, 37, 38, 39, 40, 41, 42, 45, 46, 49, 50, 51, 54, 55, 58, 59, 60, 62, 63, 84, 85, 87, 88, 95, 98, 99, 100, 101, 102, 105, 106, 107, 108, 109, 110, 111, 112, 113, 122, 127, 128, 129, 130, 131, 132, 133, 134, 135, 136, 139, 140, 141, 145, 150], "summary": {"covered_lines": 77, "num_statements": 77, "percent_covered": 100.0, "percent_covered_display": "100", "missing_lines": 0, "excluded_lines": 0, "percent_statements_covered": 100.0, "percent_statements_covered_display": "100", "num_branches": 22, "num_partial_branches": 0, "covered_branches": 22, "missing_branches": 0, "percent_branches_covered": 100.0, "percent_branches_covered_display": "100"}, "missing_lines": [], "excluded_lines": [], "executed_branches": [[25, 26], [25, 27], [27, 28], [27, 29], [29, -24], [29, 30], [100, 101], [100, 106], [107, 108], [107, 109], [128, 129], [128, 130], [130, 131], [130, 132], [133, 134], [133, 135], [135, 136], [135, 139], [139, 140], [139, 141], [141, 145], [141, 150]], "missing_branches": [], "functions": {"MonitoringConfig.__post_init__": {"executed_lines": [25, 26, 27, 28, 29, 30], "summary": {"covered_lines": 6, "num_statements": 6, "percent_covered": 100.0, "percent_covered_display": "100", "missing_lines": 0, "excluded_lines": 0, "percent_statements_covered": 100.0, "percent_statements_covered_display": "100", "num_branches": 6, "num_partial_branches": 0, "covered_branches": 6, "missing_branches": 0, "percent_branches_covered": 100.0, "percent_branches_covered_display": "100"}, "missing_lines": [], "excluded_lines": [], "start_line": 24, "executed_branches": [[25, 26], [25, 27], [27, 28], [27, 29], [29, -24], [29, 30]], "missing_branches": []}, "MonitoringDecision.as_dict": {"executed_lines": [63], "summary": {"covered_lines": 1, "num_statements": 1, "percent_covered": 100.0, "percent_covered_display": "100", "missing_lines": 0, "excluded_lines": 0, "percent_statements_covered": 100.0, "percent_statements_covered_display": "100", "num_branches": 0, "num_partial_branches": 0, "covered_branches": 0, "missing_branches": 0, "percent_branches_covered": 100.0, "percent_branches_covered_display": "100"}, "missing_lines": [], "excluded_lines": [], "start_line": 62, "executed_branches": [], "missing_branches": []}, "MonitoringDecision.issue_title": {"executed_lines": [85], "summary": {"covered_lines": 1, "num_statements": 1, "percent_covered": 100.0, "percent_covered_display": "100", "missing_lines": 0, "excluded_lines": 0, "percent_statements_covered": 100.0, "percent_statements_covered_display": "100", "num_branches": 0, "num_partial_branches": 0, "covered_branches": 0, "missing_branches": 0, "percent_branches_covered": 100.0, "percent_branches_covered_display": "100"}, "missing_lines": [], "excluded_lines": [], "start_line": 84, "executed_branches": [], "missing_branches": []}, "MonitoringDecision.issue_body": {"executed_lines": [88], "summary": {"covered_lines": 1, "num_statements": 1, "percent_covered": 100.0, "percent_covered_display": "100", "missing_lines": 0, "excluded_lines": 0, "percent_statements_covered": 100.0, "percent_statements_covered_display": "100", "num_branches": 0, "num_partial_branches": 0, "covered_branches": 0, "missing_branches": 0, "percent_branches_covered": 100.0, "percent_branches_covered_display": "100"}, "missing_lines": [], "excluded_lines": [], "start_line": 87, "executed_branches": [], "missing_branches": []}, "load_monitoring_config": {"executed_lines": [98, 99, 100, 101, 102, 105, 106, 107, 108, 109, 110, 111, 112, 113], "summary": {"covered_lines": 14, "num_statements": 14, "percent_covered": 100.0, "percent_covered_display": "100", "missing_lines": 0, "excluded_lines": 0, "percent_statements_covered": 100.0, "percent_statements_covered_display": "100", "num_branches": 4, "num_partial_branches": 0, "covered_branches": 4, "missing_branches": 0, "percent_branches_covered": 100.0, "percent_branches_covered_display": "100"}, "missing_lines": [], "excluded_lines": [], "start_line": 95, "executed_branches": [[100, 101], [100, 106], [107, 108], [107, 109]], "missing_branches": []}, "evaluate_monitoring": {"executed_lines": [127, 128, 129, 130, 131, 132, 133, 134, 135, 136, 139, 140, 141, 145, 150], "summary": {"covered_lines": 15, "num_statements": 15, "percent_covered": 100.0, "percent_covered_display": "100", "missing_lines": 0, "excluded_lines": 0, "percent_statements_covered": 100.0, "percent_statements_covered_display": "100", "num_branches": 12, "num_partial_branches": 0, "covered_branches": 12, "missing_branches": 0, "percent_branches_covered": 100.0, "percent_branches_covered_display": "100"}, "missing_lines": [], "excluded_lines": [], "start_line": 122, "executed_branches": [[128, 129], [128, 130], [130, 131], [130, 132], [133, 134], [133, 135], [135, 136], [135, 139], [139, 140], [139, 141], [141, 145], [141, 150]], "missing_branches": []}, "": {"executed_lines": [3, 5, 6, 7, 8, 9, 10, 11, 14, 15, 18, 19, 20, 21, 22, 24, 33, 34, 37, 38, 39, 40, 41, 42, 45, 46, 49, 50, 51, 54, 55, 58, 59, 60, 62, 84, 87, 95, 122], "summary": {"covered_lines": 39, "num_statements": 39, "percent_covered": 100.0, "percent_covered_display": "100", "missing_lines": 0, "excluded_lines": 0, "percent_statements_covered": 100.0, "percent_statements_covered_display": "100", "num_branches": 0, "num_partial_branches": 0, "covered_branches": 0, "missing_branches": 0, "percent_branches_covered": 100.0, "percent_branches_covered_display": "100"}, "missing_lines": [], "excluded_lines": [], "start_line": 1, "executed_branches": [], "missing_branches": []}}, "classes": {"MonitoringConfig": {"executed_lines": [25, 26, 27, 28, 29, 30], "summary": {"covered_lines": 6, "num_statements": 6, "percent_covered": 100.0, "percent_covered_display": "100", "missing_lines": 0, "excluded_lines": 0, "percent_statements_covered": 100.0, "percent_statements_covered_display": "100", "num_branches": 6, "num_partial_branches": 0, "covered_branches": 6, "missing_branches": 0, "percent_branches_covered": 100.0, "percent_branches_covered_display": "100"}, "missing_lines": [], "excluded_lines": [], "start_line": 15, "executed_branches": [[25, 26], [25, 27], [27, 28], [27, 29], [29, -24], [29, 30]], "missing_branches": []}, "MonitoringSnapshot": {"executed_lines": [], "summary": {"covered_lines": 0, "num_statements": 0, "percent_covered": 100.0, "percent_covered_display": "100", "missing_lines": 0, "excluded_lines": 0, "percent_statements_covered": 100.0, "percent_statements_covered_display": "100", "num_branches": 0, "num_partial_branches": 0, "covered_branches": 0, "missing_branches": 0, "percent_branches_covered": 100.0, "percent_branches_covered_display": "100"}, "missing_lines": [], "excluded_lines": [], "start_line": 34, "executed_branches": [], "missing_branches": []}, "MonitoringAlert": {"executed_lines": [], "summary": {"covered_lines": 0, "num_statements": 0, "percent_covered": 100.0, "percent_covered_display": "100", "missing_lines": 0, "excluded_lines": 0, "percent_statements_covered": 100.0, "percent_statements_covered_display": "100", "num_branches": 0, "num_partial_branches": 0, "covered_branches": 0, "missing_branches": 0, "percent_branches_covered": 100.0, "percent_branches_covered_display": "100"}, "missing_lines": [], "excluded_lines": [], "start_line": 46, "executed_branches": [], "missing_branches": []}, "MonitoringDecision": {"executed_lines": [63, 85, 88], "summary": {"covered_lines": 3, "num_statements": 3, "percent_covered": 100.0, "percent_covered_display": "100", "missing_lines": 0, "excluded_lines": 0, "percent_statements_covered": 100.0, "percent_statements_covered_display": "100", "num_branches": 0, "num_partial_branches": 0, "covered_branches": 0, "missing_branches": 0, "percent_branches_covered": 100.0, "percent_branches_covered_display": "100"}, "missing_lines": [], "excluded_lines": [], "start_line": 55, "executed_branches": [], "missing_branches": []}, "": {"executed_lines": [3, 5, 6, 7, 8, 9, 10, 11, 14, 15, 18, 19, 20, 21, 22, 24, 33, 34, 37, 38, 39, 40, 41, 42, 45, 46, 49, 50, 51, 54, 55, 58, 59, 60, 62, 84, 87, 95, 98, 99, 100, 101, 102, 105, 106, 107, 108, 109, 110, 111, 112, 113, 122, 127, 128, 129, 130, 131, 132, 133, 134, 135, 136, 139, 140, 141, 145, 150], "summary": {"covered_lines": 68, "num_statements": 68, "percent_covered": 100.0, "percent_covered_display": "100", "missing_lines": 0, "excluded_lines": 0, "percent_statements_covered": 100.0, "percent_statements_covered_display": "100", "num_branches": 16, "num_partial_branches": 0, "covered_branches": 16, "missing_branches": 0, "percent_branches_covered": 100.0, "percent_branches_covered_display": "100"}, "missing_lines": [], "excluded_lines": [], "start_line": 1, "executed_branches": [[100, 101], [100, 106], [107, 108], [107, 109], [128, 129], [128, 130], [130, 131], [130, 132], [133, 134], [133, 135], [135, 136], [135, 139], [139, 140], [139, 141], [141, 145], [141, 150]], "missing_branches": []}}}, "src\\iris_mlflow_utils\\registry.py": {"executed_lines": [3, 5, 6, 7, 9, 10, 12, 15, 18, 21, 29, 30, 31, 32, 33, 34, 35, 36, 37, 38, 43, 44, 45, 46, 47, 50, 58, 59, 60, 61, 62, 63, 64, 65, 68, 69, 70, 71, 74, 79, 87, 90, 99, 100, 101, 102, 103, 104, 107, 119, 126, 127, 128, 129, 131, 134, 135, 140, 146, 147, 148, 149, 150, 151, 152, 153, 154, 155, 171, 172, 173], "summary": {"covered_lines": 71, "num_statements": 71, "percent_covered": 100.0, "percent_covered_display": "100", "missing_lines": 0, "excluded_lines": 0, "percent_statements_covered": 100.0, "percent_statements_covered_display": "100", "num_branches": 20, "num_partial_branches": 0, "covered_branches": 20, "missing_branches": 0, "percent_branches_covered": 100.0, "percent_branches_covered_display": "100"}, "missing_lines": [], "excluded_lines": [], "executed_branches": [[29, 30], [29, 33], [31, 32], [31, 33], [33, 34], [33, 35], [37, 38], [37, 43], [44, 45], [44, 46], [60, 61], [60, 62], [63, 64], [63, 65], [126, 127], [126, 128], [128, 129], [128, 131], [171, 172], [171, 173]], "missing_branches": [], "functions": {"build_registry_client": {"executed_lines": [18], "summary": {"covered_lines": 1, "num_statements": 1, "percent_covered": 100.0, "percent_covered_display": "100", "missing_lines": 0, "excluded_lines": 0, "percent_statements_covered": 100.0, "percent_statements_covered_display": "100", "num_branches": 0, "num_partial_branches": 0, "covered_branches": 0, "missing_branches": 0, "percent_branches_covered": 100.0, "percent_branches_covered_display": "100"}, "missing_lines": [], "excluded_lines": [], "start_line": 15, "executed_branches": [], "missing_branches": []}, "ensure_mlflow_experiment": {"executed_lines": [29, 30, 31, 32, 33, 34, 35, 36, 37, 38, 43, 44, 45, 46, 47], "summary": {"covered_lines": 15, "num_statements": 15, "percent_covered": 100.0, "percent_covered_display": "100", "missing_lines": 0, "excluded_lines": 0, "percent_statements_covered": 100.0, "percent_statements_covered_display": "100", "num_branches": 10, "num_partial_branches": 0, "covered_branches": 10, "missing_branches": 0, "percent_branches_covered": 100.0, "percent_branches_covered_display": "100"}, "missing_lines": [], "excluded_lines": [], "start_line": 21, "executed_branches": [[29, 30], [29, 33], [31, 32], [31, 33], [33, 34], [33, 35], [37, 38], [37, 43], [44, 45], [44, 46]], "missing_branches": []}, "get_model_evaluation_metrics": {"executed_lines": [58, 59, 60, 61, 62, 63, 64, 65], "summary": {"covered_lines": 8, "num_statements": 8, "percent_covered": 100.0, "percent_covered_display": "100", "missing_lines": 0, "excluded_lines": 0, "percent_statements_covered": 100.0, "percent_statements_covered_display": "100", "num_branches": 4, "num_partial_branches": 0, "covered_branches": 4, "missing_branches": 0, "percent_branches_covered": 100.0, "percent_branches_covered_display": "100"}, "missing_lines": [], "excluded_lines": [], "start_line": 50, "executed_branches": [[60, 61], [60, 62], [63, 64], [63, 65]], "missing_branches": []}, "_descriptions": {"executed_lines": [69, 70, 71, 74, 79, 87], "summary": {"covered_lines": 6, "num_statements": 6, "percent_covered": 100.0, "percent_covered_display": "100", "missing_lines": 0, "excluded_lines": 0, "percent_statements_covered": 100.0, "percent_statements_covered_display": "100", "num_branches": 0, "num_partial_branches": 0, "covered_branches": 0, "missing_branches": 0, "percent_branches_covered": 100.0, "percent_branches_covered_display": "100"}, "missing_lines": [], "excluded_lines": [], "start_line": 68, "executed_branches": [], "missing_branches": []}, "synchronize_model_registry_metadata": {"executed_lines": [99, 100, 101, 102, 103, 104, 107, 119, 126, 127, 128, 129, 131, 134, 135, 140, 146, 147, 148, 149, 150, 151, 152, 153, 154, 155, 171, 172, 173], "summary": {"covered_lines": 29, "num_statements": 29, "percent_covered": 100.0, "percent_covered_display": "100", "missing_lines": 0, "excluded_lines": 0, "percent_statements_covered": 100.0, "percent_statements_covered_display": "100", "num_branches": 6, "num_partial_branches": 0, "covered_branches": 6, "missing_branches": 0, "percent_branches_covered": 100.0, "percent_branches_covered_display": "100"}, "missing_lines": [], "excluded_lines": [], "start_line": 90, "executed_branches": [[126, 127], [126, 128], [128, 129], [128, 131], [171, 172], [171, 173]], "missing_branches": []}, "": {"executed_lines": [3, 5, 6, 7, 9, 10, 12, 15, 21, 50, 68, 90], "summary": {"covered_lines": 12, "num_statements": 12, "percent_covered": 100.0, "percent_covered_display": "100", "missing_lines": 0, "excluded_lines": 0, "percent_statements_covered": 100.0, "percent_statements_covered_display": "100", "num_branches": 0, "num_partial_branches": 0, "covered_branches": 0, "missing_branches": 0, "percent_branches_covered": 100.0, "percent_branches_covered_display": "100"}, "missing_lines": [], "excluded_lines": [], "start_line": 1, "executed_branches": [], "missing_branches": []}}, "classes": {"": {"executed_lines": [3, 5, 6, 7, 9, 10, 12, 15, 18, 21, 29, 30, 31, 32, 33, 34, 35, 36, 37, 38, 43, 44, 45, 46, 47, 50, 58, 59, 60, 61, 62, 63, 64, 65, 68, 69, 70, 71, 74, 79, 87, 90, 99, 100, 101, 102, 103, 104, 107, 119, 126, 127, 128, 129, 131, 134, 135, 140, 146, 147, 148, 149, 150, 151, 152, 153, 154, 155, 171, 172, 173], "summary": {"covered_lines": 71, "num_statements": 71, "percent_covered": 100.0, "percent_covered_display": "100", "missing_lines": 0, "excluded_lines": 0, "percent_statements_covered": 100.0, "percent_statements_covered_display": "100", "num_branches": 20, "num_partial_branches": 0, "covered_branches": 20, "missing_branches": 0, "percent_branches_covered": 100.0, "percent_branches_covered_display": "100"}, "missing_lines": [], "excluded_lines": [], "start_line": 1, "executed_branches": [[29, 30], [29, 33], [31, 32], [31, 33], [33, 34], [33, 35], [37, 38], [37, 43], [44, 45], [44, 46], [60, 61], [60, 62], [63, 64], [63, 65], [126, 127], [126, 128], [128, 129], [128, 131], [171, 172], [171, 173]], "missing_branches": []}}}, "src\\iris_mlflow_utils\\runtime.py": {"executed_lines": [3, 5, 6, 7, 9, 12, 15, 16, 17, 18, 19, 22, 25, 26, 27, 28, 29, 30, 33, 36, 39, 46, 47, 48, 49, 50, 51, 52, 53, 54, 55, 56, 57, 58, 61, 64], "summary": {"covered_lines": 36, "num_statements": 36, "percent_covered": 100.0, "percent_covered_display": "100", "missing_lines": 0, "excluded_lines": 0, "percent_statements_covered": 100.0, "percent_statements_covered_display": "100", "num_branches": 12, "num_partial_branches": 0, "covered_branches": 12, "missing_branches": 0, "percent_branches_covered": 100.0, "percent_branches_covered_display": "100"}, "missing_lines": [], "excluded_lines": [], "executed_branches": [[16, 17], [16, 18], [26, 27], [26, 28], [28, 29], [28, 30], [47, 48], [47, 49], [50, 51], [50, 52], [53, 54], [53, 55]], "missing_branches": [], "functions": {"_get_dbutils": {"executed_lines": [15, 16, 17, 18, 19], "summary": {"covered_lines": 5, "num_statements": 5, "percent_covered": 100.0, "percent_covered_display": "100", "missing_lines": 0, "excluded_lines": 0, "percent_statements_covered": 100.0, "percent_statements_covered_display": "100", "num_branches": 2, "num_partial_branches": 0, "covered_branches": 2, "missing_branches": 0, "percent_branches_covered": 100.0, "percent_branches_covered_display": "100"}, "missing_lines": [], "excluded_lines": [], "start_line": 12, "executed_branches": [[16, 17], [16, 18]], "missing_branches": []}, "detect_runtime": {"executed_lines": [25, 26, 27, 28, 29, 30], "summary": {"covered_lines": 6, "num_statements": 6, "percent_covered": 100.0, "percent_covered_display": "100", "missing_lines": 0, "excluded_lines": 0, "percent_statements_covered": 100.0, "percent_statements_covered_display": "100", "num_branches": 4, "num_partial_branches": 0, "covered_branches": 4, "missing_branches": 0, "percent_branches_covered": 100.0, "percent_branches_covered_display": "100"}, "missing_lines": [], "excluded_lines": [], "start_line": 22, "executed_branches": [[26, 27], [26, 28], [28, 29], [28, 30]], "missing_branches": []}, "is_databricks_runtime": {"executed_lines": [36], "summary": {"covered_lines": 1, "num_statements": 1, "percent_covered": 100.0, "percent_covered_display": "100", "missing_lines": 0, "excluded_lines": 0, "percent_statements_covered": 100.0, "percent_statements_covered_display": "100", "num_branches": 0, "num_partial_branches": 0, "covered_branches": 0, "missing_branches": 0, "percent_branches_covered": 100.0, "percent_branches_covered_display": "100"}, "missing_lines": [], "excluded_lines": [], "start_line": 33, "executed_branches": [], "missing_branches": []}, "get_runtime_parameter": {"executed_lines": [46, 47, 48, 49, 50, 51, 52, 53, 54, 55, 56, 57, 58], "summary": {"covered_lines": 13, "num_statements": 13, "percent_covered": 100.0, "percent_covered_display": "100", "missing_lines": 0, "excluded_lines": 0, "percent_statements_covered": 100.0, "percent_statements_covered_display": "100", "num_branches": 6, "num_partial_branches": 0, "covered_branches": 6, "missing_branches": 0, "percent_branches_covered": 100.0, "percent_branches_covered_display": "100"}, "missing_lines": [], "excluded_lines": [], "start_line": 39, "executed_branches": [[47, 48], [47, 49], [50, 51], [50, 52], [53, 54], [53, 55]], "missing_branches": []}, "get_dbutils": {"executed_lines": [64], "summary": {"covered_lines": 1, "num_statements": 1, "percent_covered": 100.0, "percent_covered_display": "100", "missing_lines": 0, "excluded_lines": 0, "percent_statements_covered": 100.0, "percent_statements_covered_display": "100", "num_branches": 0, "num_partial_branches": 0, "covered_branches": 0, "missing_branches": 0, "percent_branches_covered": 100.0, "percent_branches_covered_display": "100"}, "missing_lines": [], "excluded_lines": [], "start_line": 61, "executed_branches": [], "missing_branches": []}, "": {"executed_lines": [3, 5, 6, 7, 9, 12, 22, 33, 39, 61], "summary": {"covered_lines": 10, "num_statements": 10, "percent_covered": 100.0, "percent_covered_display": "100", "missing_lines": 0, "excluded_lines": 0, "percent_statements_covered": 100.0, "percent_statements_covered_display": "100", "num_branches": 0, "num_partial_branches": 0, "covered_branches": 0, "missing_branches": 0, "percent_branches_covered": 100.0, "percent_branches_covered_display": "100"}, "missing_lines": [], "excluded_lines": [], "start_line": 1, "executed_branches": [], "missing_branches": []}}, "classes": {"": {"executed_lines": [3, 5, 6, 7, 9, 12, 15, 16, 17, 18, 19, 22, 25, 26, 27, 28, 29, 30, 33, 36, 39, 46, 47, 48, 49, 50, 51, 52, 53, 54, 55, 56, 57, 58, 61, 64], "summary": {"covered_lines": 36, "num_statements": 36, "percent_covered": 100.0, "percent_covered_display": "100", "missing_lines": 0, "excluded_lines": 0, "percent_statements_covered": 100.0, "percent_statements_covered_display": "100", "num_branches": 12, "num_partial_branches": 0, "covered_branches": 12, "missing_branches": 0, "percent_branches_covered": 100.0, "percent_branches_covered_display": "100"}, "missing_lines": [], "excluded_lines": [], "start_line": 1, "executed_branches": [[16, 17], [16, 18], [26, 27], [26, 28], [28, 29], [28, 30], [47, 48], [47, 49], [50, 51], [50, 52], [53, 54], [53, 55]], "missing_branches": []}}}, "src\\iris_mlflow_utils\\serving.py": {"executed_lines": [3, 5, 6, 7, 9, 10, 12, 13, 14, 25, 29, 32, 33, 34, 35, 36, 39, 42, 43, 44, 45, 46, 49, 52, 53, 54, 55, 56, 57, 58, 59, 62, 65, 66, 67, 70, 73, 74, 75, 76, 79, 82, 83, 84, 85, 91, 92, 93, 94, 97, 100, 101, 102, 103, 104, 105, 106, 107, 108, 109], "summary": {"covered_lines": 60, "num_statements": 60, "percent_covered": 100.0, "percent_covered_display": "100", "missing_lines": 0, "excluded_lines": 0, "percent_statements_covered": 100.0, "percent_statements_covered_display": "100", "num_branches": 14, "num_partial_branches": 0, "covered_branches": 14, "missing_branches": 0, "percent_branches_covered": 100.0, "percent_branches_covered_display": "100"}, "missing_lines": [], "excluded_lines": [], "executed_branches": [[34, 35], [34, 36], [44, 45], [44, 46], [57, 58], [57, 59], [65, 66], [65, 67], [73, 74], [73, 75], [100, 101], [100, 102], [105, 106], [105, 107]], "missing_branches": [], "functions": {"read_configuration": {"executed_lines": [32, 33, 34, 35, 36], "summary": {"covered_lines": 5, "num_statements": 5, "percent_covered": 100.0, "percent_covered_display": "100", "missing_lines": 0, "excluded_lines": 0, "percent_statements_covered": 100.0, "percent_statements_covered_display": "100", "num_branches": 2, "num_partial_branches": 0, "covered_branches": 2, "missing_branches": 0, "percent_branches_covered": 100.0, "percent_branches_covered_display": "100"}, "missing_lines": [], "excluded_lines": [], "start_line": 29, "executed_branches": [[34, 35], [34, 36]], "missing_branches": []}, "build_invocation_url": {"executed_lines": [42, 43, 44, 45, 46], "summary": {"covered_lines": 5, "num_statements": 5, "percent_covered": 100.0, "percent_covered_display": "100", "missing_lines": 0, "excluded_lines": 0, "percent_statements_covered": 100.0, "percent_statements_covered_display": "100", "num_branches": 2, "num_partial_branches": 0, "covered_branches": 2, "missing_branches": 0, "percent_branches_covered": 100.0, "percent_branches_covered_display": "100"}, "missing_lines": [], "excluded_lines": [], "start_line": 39, "executed_branches": [[44, 45], [44, 46]], "missing_branches": []}, "extract_predictions": {"executed_lines": [52, 53, 54, 55, 56, 57, 58, 59], "summary": {"covered_lines": 8, "num_statements": 8, "percent_covered": 100.0, "percent_covered_display": "100", "missing_lines": 0, "excluded_lines": 0, "percent_statements_covered": 100.0, "percent_statements_covered_display": "100", "num_branches": 2, "num_partial_branches": 0, "covered_branches": 2, "missing_branches": 0, "percent_branches_covered": 100.0, "percent_branches_covered_display": "100"}, "missing_lines": [], "excluded_lines": [], "start_line": 49, "executed_branches": [[57, 58], [57, 59]], "missing_branches": []}, "_build_payload": {"executed_lines": [65, 66, 67], "summary": {"covered_lines": 3, "num_statements": 3, "percent_covered": 100.0, "percent_covered_display": "100", "missing_lines": 0, "excluded_lines": 0, "percent_statements_covered": 100.0, "percent_statements_covered_display": "100", "num_branches": 2, "num_partial_branches": 0, "covered_branches": 2, "missing_branches": 0, "percent_branches_covered": 100.0, "percent_branches_covered_display": "100"}, "missing_lines": [], "excluded_lines": [], "start_line": 62, "executed_branches": [[65, 66], [65, 67]], "missing_branches": []}, "_raise_for_status": {"executed_lines": [73, 74, 75, 76], "summary": {"covered_lines": 4, "num_statements": 4, "percent_covered": 100.0, "percent_covered_display": "100", "missing_lines": 0, "excluded_lines": 0, "percent_statements_covered": 100.0, "percent_statements_covered_display": "100", "num_branches": 2, "num_partial_branches": 0, "covered_branches": 2, "missing_branches": 0, "percent_branches_covered": 100.0, "percent_branches_covered_display": "100"}, "missing_lines": [], "excluded_lines": [], "start_line": 70, "executed_branches": [[73, 74], [73, 75]], "missing_branches": []}, "predict": {"executed_lines": [82, 83, 84, 85, 91, 92, 93, 94], "summary": {"covered_lines": 8, "num_statements": 8, "percent_covered": 100.0, "percent_covered_display": "100", "missing_lines": 0, "excluded_lines": 0, "percent_statements_covered": 100.0, "percent_statements_covered_display": "100", "num_branches": 0, "num_partial_branches": 0, "covered_branches": 0, "missing_branches": 0, "percent_branches_covered": 100.0, "percent_branches_covered_display": "100"}, "missing_lines": [], "excluded_lines": [], "start_line": 79, "executed_branches": [], "missing_branches": []}, "predict_dataframe": {"executed_lines": [100, 101, 102, 103, 104, 105, 106, 107, 108, 109], "summary": {"covered_lines": 10, "num_statements": 10, "percent_covered": 100.0, "percent_covered_display": "100", "missing_lines": 0, "excluded_lines": 0, "percent_statements_covered": 100.0, "percent_statements_covered_display": "100", "num_branches": 4, "num_partial_branches": 0, "covered_branches": 4, "missing_branches": 0, "percent_branches_covered": 100.0, "percent_branches_covered_display": "100"}, "missing_lines": [], "excluded_lines": [], "start_line": 97, "executed_branches": [[100, 101], [100, 102], [105, 106], [105, 107]], "missing_branches": []}, "": {"executed_lines": [3, 5, 6, 7, 9, 10, 12, 13, 14, 25, 29, 39, 49, 62, 70, 79, 97], "summary": {"covered_lines": 17, "num_statements": 17, "percent_covered": 100.0, "percent_covered_display": "100", "missing_lines": 0, "excluded_lines": 0, "percent_statements_covered": 100.0, "percent_statements_covered_display": "100", "num_branches": 0, "num_partial_branches": 0, "covered_branches": 0, "missing_branches": 0, "percent_branches_covered": 100.0, "percent_branches_covered_display": "100"}, "missing_lines": [], "excluded_lines": [], "start_line": 1, "executed_branches": [], "missing_branches": []}}, "classes": {"DatabricksEndpointError": {"executed_lines": [], "summary": {"covered_lines": 0, "num_statements": 0, "percent_covered": 100.0, "percent_covered_display": "100", "missing_lines": 0, "excluded_lines": 0, "percent_statements_covered": 100.0, "percent_statements_covered_display": "100", "num_branches": 0, "num_partial_branches": 0, "covered_branches": 0, "missing_branches": 0, "percent_branches_covered": 100.0, "percent_branches_covered_display": "100"}, "missing_lines": [], "excluded_lines": [], "start_line": 25, "executed_branches": [], "missing_branches": []}, "": {"executed_lines": [3, 5, 6, 7, 9, 10, 12, 13, 14, 25, 29, 32, 33, 34, 35, 36, 39, 42, 43, 44, 45, 46, 49, 52, 53, 54, 55, 56, 57, 58, 59, 62, 65, 66, 67, 70, 73, 74, 75, 76, 79, 82, 83, 84, 85, 91, 92, 93, 94, 97, 100, 101, 102, 103, 104, 105, 106, 107, 108, 109], "summary": {"covered_lines": 60, "num_statements": 60, "percent_covered": 100.0, "percent_covered_display": "100", "missing_lines": 0, "excluded_lines": 0, "percent_statements_covered": 100.0, "percent_statements_covered_display": "100", "num_branches": 14, "num_partial_branches": 0, "covered_branches": 14, "missing_branches": 0, "percent_branches_covered": 100.0, "percent_branches_covered_display": "100"}, "missing_lines": [], "excluded_lines": [], "start_line": 1, "executed_branches": [[34, 35], [34, 36], [44, 45], [44, 46], [57, 58], [57, 59], [65, 66], [65, 67], [73, 74], [73, 75], [100, 101], [100, 102], [105, 106], [105, 107]], "missing_branches": []}}}}, "totals": {"covered_lines": 1072, "num_statements": 1072, "percent_covered": 100.0, "percent_covered_display": "100", "missing_lines": 0, "excluded_lines": 0, "percent_statements_covered": 100.0, "percent_statements_covered_display": "100", "num_branches": 320, "num_partial_branches": 0, "covered_branches": 320, "missing_branches": 0, "percent_branches_covered": 100.0, "percent_branches_covered_display": "100"}}